11-Jan-2022 15:36:26.297 INFO [main] org.apache.catalina.startup.VersionLoggerListener.log Server version name:   Apache Tomcat/10.0.14
11-Jan-2022 15:36:26.301 INFO [main] org.apache.catalina.startup.VersionLoggerListener.log Server built:          Dec 2 2021 22:01:36 UTC
11-Jan-2022 15:36:26.302 INFO [main] org.apache.catalina.startup.VersionLoggerListener.log Server version number: 10.0.14.0
11-Jan-2022 15:36:26.302 INFO [main] org.apache.catalina.startup.VersionLoggerListener.log OS Name:               Mac OS X
11-Jan-2022 15:36:26.302 INFO [main] org.apache.catalina.startup.VersionLoggerListener.log OS Version:            11.1
11-Jan-2022 15:36:26.302 INFO [main] org.apache.catalina.startup.VersionLoggerListener.log Architecture:          x86_64
11-Jan-2022 15:36:26.302 INFO [main] org.apache.catalina.startup.VersionLoggerListener.log Java Home:             /Library/Java/JavaVirtualMachines/jdk-16.0.2.jdk/Contents/Home
11-Jan-2022 15:36:26.303 INFO [main] org.apache.catalina.startup.VersionLoggerListener.log JVM Version:           16.0.2+7-67
11-Jan-2022 15:36:26.303 INFO [main] org.apache.catalina.startup.VersionLoggerListener.log JVM Vendor:            Oracle Corporation
11-Jan-2022 15:36:26.303 INFO [main] org.apache.catalina.startup.VersionLoggerListener.log CATALINA_BASE:         /usr/local/var/www/tomcat
11-Jan-2022 15:36:26.303 INFO [main] org.apache.catalina.startup.VersionLoggerListener.log CATALINA_HOME:         /usr/local/var/www/tomcat
11-Jan-2022 15:36:26.316 INFO [main] org.apache.catalina.startup.VersionLoggerListener.log Command line argument: --add-opens=java.base/java.lang=ALL-UNNAMED
11-Jan-2022 15:36:26.316 INFO [main] org.apache.catalina.startup.VersionLoggerListener.log Command line argument: --add-opens=java.base/java.io=ALL-UNNAMED
11-Jan-2022 15:36:26.316 INFO [main] org.apache.catalina.startup.VersionLoggerListener.log Command line argument: --add-opens=java.base/java.util=ALL-UNNAMED
11-Jan-2022 15:36:26.316 INFO [main] org.apache.catalina.startup.VersionLoggerListener.log Command line argument: --add-opens=java.base/java.util.concurrent=ALL-UNNAMED
11-Jan-2022 15:36:26.316 INFO [main] org.apache.catalina.startup.VersionLoggerListener.log Command line argument: --add-opens=java.rmi/sun.rmi.transport=ALL-UNNAMED
11-Jan-2022 15:36:26.316 INFO [main] org.apache.catalina.startup.VersionLoggerListener.log Command line argument: -Djava.util.logging.config.file=/usr/local/var/www/tomcat/conf/logging.properties
11-Jan-2022 15:36:26.317 INFO [main] org.apache.catalina.startup.VersionLoggerListener.log Command line argument: -Djava.util.logging.manager=org.apache.juli.ClassLoaderLogManager
11-Jan-2022 15:36:26.317 INFO [main] org.apache.catalina.startup.VersionLoggerListener.log Command line argument: -Djdk.tls.ephemeralDHKeySize=2048
11-Jan-2022 15:36:26.317 INFO [main] org.apache.catalina.startup.VersionLoggerListener.log Command line argument: -Djava.protocol.handler.pkgs=org.apache.catalina.webresources
11-Jan-2022 15:36:26.317 INFO [main] org.apache.catalina.startup.VersionLoggerListener.log Command line argument: -Dorg.apache.catalina.security.SecurityListener.UMASK=0027
11-Jan-2022 15:36:26.317 INFO [main] org.apache.catalina.startup.VersionLoggerListener.log Command line argument: -Dignore.endorsed.dirs=
11-Jan-2022 15:36:26.317 INFO [main] org.apache.catalina.startup.VersionLoggerListener.log Command line argument: -Dcatalina.base=/usr/local/var/www/tomcat
11-Jan-2022 15:36:26.317 INFO [main] org.apache.catalina.startup.VersionLoggerListener.log Command line argument: -Dcatalina.home=/usr/local/var/www/tomcat
11-Jan-2022 15:36:26.317 INFO [main] org.apache.catalina.startup.VersionLoggerListener.log Command line argument: -Djava.io.tmpdir=/usr/local/var/www/tomcat/temp
11-Jan-2022 15:36:26.319 INFO [main] org.apache.catalina.core.AprLifecycleListener.lifecycleEvent The Apache Tomcat Native library which allows using OpenSSL was not found on the java.library.path: [/Users/sarahhuerta/Library/Java/Extensions:/Library/Java/Extensions:/Network/Library/Java/Extensions:/System/Library/Java/Extensions:/usr/lib/java:.]
11-Jan-2022 15:36:26.602 INFO [main] org.apache.coyote.AbstractProtocol.init Initializing ProtocolHandler ["http-nio-8080"]
11-Jan-2022 15:36:26.623 SEVERE [main] org.apache.catalina.util.LifecycleBase.handleSubClassException Failed to initialize component [Connector[HTTP/1.1-8080]]
	org.apache.catalina.LifecycleException: Protocol handler initialization failed
		at org.apache.catalina.connector.Connector.initInternal(Connector.java:1055)
		at org.apache.catalina.util.LifecycleBase.init(LifecycleBase.java:136)
		at org.apache.catalina.core.StandardService.initInternal(StandardService.java:556)
		at org.apache.catalina.util.LifecycleBase.init(LifecycleBase.java:136)
		at org.apache.catalina.core.StandardServer.initInternal(StandardServer.java:1042)
		at org.apache.catalina.util.LifecycleBase.init(LifecycleBase.java:136)
		at org.apache.catalina.startup.Catalina.load(Catalina.java:747)
		at org.apache.catalina.startup.Catalina.load(Catalina.java:769)
		at java.base/jdk.internal.reflect.NativeMethodAccessorImpl.invoke0(Native Method)
		at java.base/jdk.internal.reflect.NativeMethodAccessorImpl.invoke(NativeMethodAccessorImpl.java:78)
		at java.base/jdk.internal.reflect.DelegatingMethodAccessorImpl.invoke(DelegatingMethodAccessorImpl.java:43)
		at java.base/java.lang.reflect.Method.invoke(Method.java:567)
		at org.apache.catalina.startup.Bootstrap.load(Bootstrap.java:305)
		at org.apache.catalina.startup.Bootstrap.main(Bootstrap.java:475)
	Caused by: java.net.BindException: Address already in use
		at java.base/sun.nio.ch.Net.bind0(Native Method)
		at java.base/sun.nio.ch.Net.bind(Net.java:552)
		at java.base/sun.nio.ch.ServerSocketChannelImpl.netBind(ServerSocketChannelImpl.java:336)
		at java.base/sun.nio.ch.ServerSocketChannelImpl.bind(ServerSocketChannelImpl.java:294)
		at org.apache.tomcat.util.net.NioEndpoint.initServerSocket(NioEndpoint.java:244)
		at org.apache.tomcat.util.net.NioEndpoint.bind(NioEndpoint.java:199)
		at org.apache.tomcat.util.net.AbstractEndpoint.bindWithCleanup(AbstractEndpoint.java:1184)
		at org.apache.tomcat.util.net.AbstractEndpoint.init(AbstractEndpoint.java:1197)
		at org.apache.coyote.AbstractProtocol.init(AbstractProtocol.java:580)
		at org.apache.coyote.http11.AbstractHttp11Protocol.init(AbstractHttp11Protocol.java:82)
		at org.apache.catalina.connector.Connector.initInternal(Connector.java:1052)
		... 13 more
11-Jan-2022 15:36:26.624 INFO [main] org.apache.catalina.startup.Catalina.load Server initialization in [491] milliseconds
11-Jan-2022 15:36:26.663 INFO [main] org.apache.catalina.core.StandardService.startInternal Starting service [Catalina]
11-Jan-2022 15:36:26.664 INFO [main] org.apache.catalina.core.StandardEngine.startInternal Starting Servlet engine: [Apache Tomcat/10.0.14]
11-Jan-2022 15:36:26.671 INFO [main] org.apache.catalina.startup.HostConfig.deployDirectory Deploying web application directory [/usr/local/var/www/tomcat/webapps/docs]
11-Jan-2022 15:36:26.891 INFO [main] org.apache.catalina.startup.HostConfig.deployDirectory Deployment of web application directory [/usr/local/var/www/tomcat/webapps/docs] has finished in [219] ms
11-Jan-2022 15:36:26.891 INFO [main] org.apache.catalina.startup.HostConfig.deployDirectory Deploying web application directory [/usr/local/var/www/tomcat/webapps/manager]
11-Jan-2022 15:36:26.930 INFO [main] org.apache.catalina.startup.HostConfig.deployDirectory Deployment of web application directory [/usr/local/var/www/tomcat/webapps/manager] has finished in [39] ms
11-Jan-2022 15:36:26.931 INFO [main] org.apache.catalina.startup.HostConfig.deployDirectory Deploying web application directory [/usr/local/var/www/tomcat/webapps/examples]
11-Jan-2022 15:36:27.218 INFO [main] org.apache.catalina.startup.HostConfig.deployDirectory Deployment of web application directory [/usr/local/var/www/tomcat/webapps/examples] has finished in [286] ms
11-Jan-2022 15:36:27.218 INFO [main] org.apache.catalina.startup.HostConfig.deployDirectory Deploying web application directory [/usr/local/var/www/tomcat/webapps/ROOT]
11-Jan-2022 15:36:27.239 INFO [main] org.apache.catalina.startup.HostConfig.deployDirectory Deployment of web application directory [/usr/local/var/www/tomcat/webapps/ROOT] has finished in [20] ms
11-Jan-2022 15:36:27.239 INFO [main] org.apache.catalina.startup.HostConfig.deployDirectory Deploying web application directory [/usr/local/var/www/tomcat/webapps/host-manager]
11-Jan-2022 15:36:27.265 INFO [main] org.apache.catalina.startup.HostConfig.deployDirectory Deployment of web application directory [/usr/local/var/www/tomcat/webapps/host-manager] has finished in [26] ms
11-Jan-2022 15:36:27.268 INFO [main] org.apache.catalina.startup.Catalina.start Server startup in [643] milliseconds
11-Jan-2022 15:38:05.437 INFO [Thread-2] org.apache.coyote.AbstractProtocol.pause Pausing ProtocolHandler ["http-nio-8080"]
11-Jan-2022 15:38:05.438 INFO [Thread-2] org.apache.catalina.core.StandardService.stopInternal Stopping service [Catalina]
11-Jan-2022 15:38:05.457 INFO [Thread-2] org.apache.coyote.AbstractProtocol.stop Stopping ProtocolHandler ["http-nio-8080"]
11-Jan-2022 15:38:05.458 INFO [Thread-2] org.apache.coyote.AbstractProtocol.destroy Destroying ProtocolHandler ["http-nio-8080"]
11-Jan-2022 15:38:18.489 INFO [main] org.apache.catalina.startup.VersionLoggerListener.log Server version name:   Apache Tomcat/10.0.14
11-Jan-2022 15:38:18.493 INFO [main] org.apache.catalina.startup.VersionLoggerListener.log Server built:          Dec 2 2021 22:01:36 UTC
11-Jan-2022 15:38:18.493 INFO [main] org.apache.catalina.startup.VersionLoggerListener.log Server version number: 10.0.14.0
11-Jan-2022 15:38:18.493 INFO [main] org.apache.catalina.startup.VersionLoggerListener.log OS Name:               Mac OS X
11-Jan-2022 15:38:18.493 INFO [main] org.apache.catalina.startup.VersionLoggerListener.log OS Version:            11.1
11-Jan-2022 15:38:18.493 INFO [main] org.apache.catalina.startup.VersionLoggerListener.log Architecture:          x86_64
11-Jan-2022 15:38:18.493 INFO [main] org.apache.catalina.startup.VersionLoggerListener.log Java Home:             /Library/Java/JavaVirtualMachines/jdk-16.0.2.jdk/Contents/Home
11-Jan-2022 15:38:18.494 INFO [main] org.apache.catalina.startup.VersionLoggerListener.log JVM Version:           16.0.2+7-67
11-Jan-2022 15:38:18.494 INFO [main] org.apache.catalina.startup.VersionLoggerListener.log JVM Vendor:            Oracle Corporation
11-Jan-2022 15:38:18.494 INFO [main] org.apache.catalina.startup.VersionLoggerListener.log CATALINA_BASE:         /usr/local/var/www/tomcat
11-Jan-2022 15:38:18.494 INFO [main] org.apache.catalina.startup.VersionLoggerListener.log CATALINA_HOME:         /usr/local/var/www/tomcat
11-Jan-2022 15:38:18.508 INFO [main] org.apache.catalina.startup.VersionLoggerListener.log Command line argument: --add-opens=java.base/java.lang=ALL-UNNAMED
11-Jan-2022 15:38:18.508 INFO [main] org.apache.catalina.startup.VersionLoggerListener.log Command line argument: --add-opens=java.base/java.io=ALL-UNNAMED
11-Jan-2022 15:38:18.508 INFO [main] org.apache.catalina.startup.VersionLoggerListener.log Command line argument: --add-opens=java.base/java.util=ALL-UNNAMED
11-Jan-2022 15:38:18.508 INFO [main] org.apache.catalina.startup.VersionLoggerListener.log Command line argument: --add-opens=java.base/java.util.concurrent=ALL-UNNAMED
11-Jan-2022 15:38:18.508 INFO [main] org.apache.catalina.startup.VersionLoggerListener.log Command line argument: --add-opens=java.rmi/sun.rmi.transport=ALL-UNNAMED
11-Jan-2022 15:38:18.509 INFO [main] org.apache.catalina.startup.VersionLoggerListener.log Command line argument: -Djava.util.logging.config.file=/usr/local/var/www/tomcat/conf/logging.properties
11-Jan-2022 15:38:18.509 INFO [main] org.apache.catalina.startup.VersionLoggerListener.log Command line argument: -Djava.util.logging.manager=org.apache.juli.ClassLoaderLogManager
11-Jan-2022 15:38:18.509 INFO [main] org.apache.catalina.startup.VersionLoggerListener.log Command line argument: -Djdk.tls.ephemeralDHKeySize=2048
11-Jan-2022 15:38:18.509 INFO [main] org.apache.catalina.startup.VersionLoggerListener.log Command line argument: -Djava.protocol.handler.pkgs=org.apache.catalina.webresources
11-Jan-2022 15:38:18.509 INFO [main] org.apache.catalina.startup.VersionLoggerListener.log Command line argument: -Dorg.apache.catalina.security.SecurityListener.UMASK=0027
11-Jan-2022 15:38:18.509 INFO [main] org.apache.catalina.startup.VersionLoggerListener.log Command line argument: -Dignore.endorsed.dirs=
11-Jan-2022 15:38:18.509 INFO [main] org.apache.catalina.startup.VersionLoggerListener.log Command line argument: -Dcatalina.base=/usr/local/var/www/tomcat
11-Jan-2022 15:38:18.509 INFO [main] org.apache.catalina.startup.VersionLoggerListener.log Command line argument: -Dcatalina.home=/usr/local/var/www/tomcat
11-Jan-2022 15:38:18.509 INFO [main] org.apache.catalina.startup.VersionLoggerListener.log Command line argument: -Djava.io.tmpdir=/usr/local/var/www/tomcat/temp
11-Jan-2022 15:38:18.511 INFO [main] org.apache.catalina.core.AprLifecycleListener.lifecycleEvent The Apache Tomcat Native library which allows using OpenSSL was not found on the java.library.path: [/Users/sarahhuerta/Library/Java/Extensions:/Library/Java/Extensions:/Network/Library/Java/Extensions:/System/Library/Java/Extensions:/usr/lib/java:.]
11-Jan-2022 15:38:18.786 INFO [main] org.apache.coyote.AbstractProtocol.init Initializing ProtocolHandler ["http-nio-8080"]
11-Jan-2022 15:38:18.805 SEVERE [main] org.apache.catalina.util.LifecycleBase.handleSubClassException Failed to initialize component [Connector[HTTP/1.1-8080]]
	org.apache.catalina.LifecycleException: Protocol handler initialization failed
		at org.apache.catalina.connector.Connector.initInternal(Connector.java:1055)
		at org.apache.catalina.util.LifecycleBase.init(LifecycleBase.java:136)
		at org.apache.catalina.core.StandardService.initInternal(StandardService.java:556)
		at org.apache.catalina.util.LifecycleBase.init(LifecycleBase.java:136)
		at org.apache.catalina.core.StandardServer.initInternal(StandardServer.java:1042)
		at org.apache.catalina.util.LifecycleBase.init(LifecycleBase.java:136)
		at org.apache.catalina.startup.Catalina.load(Catalina.java:747)
		at org.apache.catalina.startup.Catalina.load(Catalina.java:769)
		at java.base/jdk.internal.reflect.NativeMethodAccessorImpl.invoke0(Native Method)
		at java.base/jdk.internal.reflect.NativeMethodAccessorImpl.invoke(NativeMethodAccessorImpl.java:78)
		at java.base/jdk.internal.reflect.DelegatingMethodAccessorImpl.invoke(DelegatingMethodAccessorImpl.java:43)
		at java.base/java.lang.reflect.Method.invoke(Method.java:567)
		at org.apache.catalina.startup.Bootstrap.load(Bootstrap.java:305)
		at org.apache.catalina.startup.Bootstrap.main(Bootstrap.java:475)
	Caused by: java.net.BindException: Address already in use
		at java.base/sun.nio.ch.Net.bind0(Native Method)
		at java.base/sun.nio.ch.Net.bind(Net.java:552)
		at java.base/sun.nio.ch.ServerSocketChannelImpl.netBind(ServerSocketChannelImpl.java:336)
		at java.base/sun.nio.ch.ServerSocketChannelImpl.bind(ServerSocketChannelImpl.java:294)
		at org.apache.tomcat.util.net.NioEndpoint.initServerSocket(NioEndpoint.java:244)
		at org.apache.tomcat.util.net.NioEndpoint.bind(NioEndpoint.java:199)
		at org.apache.tomcat.util.net.AbstractEndpoint.bindWithCleanup(AbstractEndpoint.java:1184)
		at org.apache.tomcat.util.net.AbstractEndpoint.init(AbstractEndpoint.java:1197)
		at org.apache.coyote.AbstractProtocol.init(AbstractProtocol.java:580)
		at org.apache.coyote.http11.AbstractHttp11Protocol.init(AbstractHttp11Protocol.java:82)
		at org.apache.catalina.connector.Connector.initInternal(Connector.java:1052)
		... 13 more
11-Jan-2022 15:38:18.806 INFO [main] org.apache.catalina.startup.Catalina.load Server initialization in [482] milliseconds
11-Jan-2022 15:38:18.843 INFO [main] org.apache.catalina.core.StandardService.startInternal Starting service [Catalina]
11-Jan-2022 15:38:18.843 INFO [main] org.apache.catalina.core.StandardEngine.startInternal Starting Servlet engine: [Apache Tomcat/10.0.14]
11-Jan-2022 15:38:18.850 INFO [main] org.apache.catalina.startup.HostConfig.deployDirectory Deploying web application directory [/usr/local/var/www/tomcat/webapps/docs]
11-Jan-2022 15:38:19.071 INFO [main] org.apache.catalina.startup.HostConfig.deployDirectory Deployment of web application directory [/usr/local/var/www/tomcat/webapps/docs] has finished in [221] ms
11-Jan-2022 15:38:19.071 INFO [main] org.apache.catalina.startup.HostConfig.deployDirectory Deploying web application directory [/usr/local/var/www/tomcat/webapps/manager]
11-Jan-2022 15:38:19.113 INFO [main] org.apache.catalina.startup.HostConfig.deployDirectory Deployment of web application directory [/usr/local/var/www/tomcat/webapps/manager] has finished in [42] ms
11-Jan-2022 15:38:19.113 INFO [main] org.apache.catalina.startup.HostConfig.deployDirectory Deploying web application directory [/usr/local/var/www/tomcat/webapps/examples]
11-Jan-2022 15:38:19.399 INFO [main] org.apache.catalina.startup.HostConfig.deployDirectory Deployment of web application directory [/usr/local/var/www/tomcat/webapps/examples] has finished in [286] ms
11-Jan-2022 15:38:19.399 INFO [main] org.apache.catalina.startup.HostConfig.deployDirectory Deploying web application directory [/usr/local/var/www/tomcat/webapps/ROOT]
11-Jan-2022 15:38:19.419 INFO [main] org.apache.catalina.startup.HostConfig.deployDirectory Deployment of web application directory [/usr/local/var/www/tomcat/webapps/ROOT] has finished in [20] ms
11-Jan-2022 15:38:19.419 INFO [main] org.apache.catalina.startup.HostConfig.deployDirectory Deploying web application directory [/usr/local/var/www/tomcat/webapps/host-manager]
11-Jan-2022 15:38:19.443 INFO [main] org.apache.catalina.startup.HostConfig.deployDirectory Deployment of web application directory [/usr/local/var/www/tomcat/webapps/host-manager] has finished in [23] ms
11-Jan-2022 15:38:19.446 INFO [main] org.apache.catalina.startup.Catalina.start Server startup in [640] milliseconds
11-Jan-2022 15:38:27.867 INFO [Thread-2] org.apache.coyote.AbstractProtocol.pause Pausing ProtocolHandler ["http-nio-8080"]
11-Jan-2022 15:38:27.867 INFO [Thread-2] org.apache.catalina.core.StandardService.stopInternal Stopping service [Catalina]
11-Jan-2022 15:38:27.888 INFO [Thread-2] org.apache.coyote.AbstractProtocol.stop Stopping ProtocolHandler ["http-nio-8080"]
11-Jan-2022 15:38:27.889 INFO [Thread-2] org.apache.coyote.AbstractProtocol.destroy Destroying ProtocolHandler ["http-nio-8080"]
11-Jan-2022 15:41:59.522 INFO [main] org.apache.catalina.startup.VersionLoggerListener.log Server version name:   Apache Tomcat/10.0.14
11-Jan-2022 15:41:59.525 INFO [main] org.apache.catalina.startup.VersionLoggerListener.log Server built:          Dec 2 2021 22:01:36 UTC
11-Jan-2022 15:41:59.525 INFO [main] org.apache.catalina.startup.VersionLoggerListener.log Server version number: 10.0.14.0
11-Jan-2022 15:41:59.526 INFO [main] org.apache.catalina.startup.VersionLoggerListener.log OS Name:               Mac OS X
11-Jan-2022 15:41:59.526 INFO [main] org.apache.catalina.startup.VersionLoggerListener.log OS Version:            11.1
11-Jan-2022 15:41:59.526 INFO [main] org.apache.catalina.startup.VersionLoggerListener.log Architecture:          x86_64
11-Jan-2022 15:41:59.526 INFO [main] org.apache.catalina.startup.VersionLoggerListener.log Java Home:             /Library/Java/JavaVirtualMachines/jdk-16.0.2.jdk/Contents/Home
11-Jan-2022 15:41:59.526 INFO [main] org.apache.catalina.startup.VersionLoggerListener.log JVM Version:           16.0.2+7-67
11-Jan-2022 15:41:59.526 INFO [main] org.apache.catalina.startup.VersionLoggerListener.log JVM Vendor:            Oracle Corporation
11-Jan-2022 15:41:59.526 INFO [main] org.apache.catalina.startup.VersionLoggerListener.log CATALINA_BASE:         /usr/local/var/www/tomcat
11-Jan-2022 15:41:59.527 INFO [main] org.apache.catalina.startup.VersionLoggerListener.log CATALINA_HOME:         /usr/local/var/www/tomcat
11-Jan-2022 15:41:59.540 INFO [main] org.apache.catalina.startup.VersionLoggerListener.log Command line argument: --add-opens=java.base/java.lang=ALL-UNNAMED
11-Jan-2022 15:41:59.540 INFO [main] org.apache.catalina.startup.VersionLoggerListener.log Command line argument: --add-opens=java.base/java.io=ALL-UNNAMED
11-Jan-2022 15:41:59.540 INFO [main] org.apache.catalina.startup.VersionLoggerListener.log Command line argument: --add-opens=java.base/java.util=ALL-UNNAMED
11-Jan-2022 15:41:59.540 INFO [main] org.apache.catalina.startup.VersionLoggerListener.log Command line argument: --add-opens=java.base/java.util.concurrent=ALL-UNNAMED
11-Jan-2022 15:41:59.540 INFO [main] org.apache.catalina.startup.VersionLoggerListener.log Command line argument: --add-opens=java.rmi/sun.rmi.transport=ALL-UNNAMED
11-Jan-2022 15:41:59.540 INFO [main] org.apache.catalina.startup.VersionLoggerListener.log Command line argument: -Djava.util.logging.config.file=/usr/local/var/www/tomcat/conf/logging.properties
11-Jan-2022 15:41:59.540 INFO [main] org.apache.catalina.startup.VersionLoggerListener.log Command line argument: -Djava.util.logging.manager=org.apache.juli.ClassLoaderLogManager
11-Jan-2022 15:41:59.541 INFO [main] org.apache.catalina.startup.VersionLoggerListener.log Command line argument: -Djdk.tls.ephemeralDHKeySize=2048
11-Jan-2022 15:41:59.541 INFO [main] org.apache.catalina.startup.VersionLoggerListener.log Command line argument: -Djava.protocol.handler.pkgs=org.apache.catalina.webresources
11-Jan-2022 15:41:59.541 INFO [main] org.apache.catalina.startup.VersionLoggerListener.log Command line argument: -Dorg.apache.catalina.security.SecurityListener.UMASK=0027
11-Jan-2022 15:41:59.541 INFO [main] org.apache.catalina.startup.VersionLoggerListener.log Command line argument: -Dignore.endorsed.dirs=
11-Jan-2022 15:41:59.541 INFO [main] org.apache.catalina.startup.VersionLoggerListener.log Command line argument: -Dcatalina.base=/usr/local/var/www/tomcat
11-Jan-2022 15:41:59.541 INFO [main] org.apache.catalina.startup.VersionLoggerListener.log Command line argument: -Dcatalina.home=/usr/local/var/www/tomcat
11-Jan-2022 15:41:59.541 INFO [main] org.apache.catalina.startup.VersionLoggerListener.log Command line argument: -Djava.io.tmpdir=/usr/local/var/www/tomcat/temp
11-Jan-2022 15:41:59.543 INFO [main] org.apache.catalina.core.AprLifecycleListener.lifecycleEvent The Apache Tomcat Native library which allows using OpenSSL was not found on the java.library.path: [/Users/sarahhuerta/Library/Java/Extensions:/Library/Java/Extensions:/Network/Library/Java/Extensions:/System/Library/Java/Extensions:/usr/lib/java:.]
11-Jan-2022 15:41:59.822 INFO [main] org.apache.coyote.AbstractProtocol.init Initializing ProtocolHandler ["http-nio-9999"]
11-Jan-2022 15:41:59.849 INFO [main] org.apache.catalina.startup.Catalina.load Server initialization in [492] milliseconds
11-Jan-2022 15:41:59.888 INFO [main] org.apache.catalina.core.StandardService.startInternal Starting service [Catalina]
11-Jan-2022 15:41:59.888 INFO [main] org.apache.catalina.core.StandardEngine.startInternal Starting Servlet engine: [Apache Tomcat/10.0.14]
11-Jan-2022 15:41:59.894 INFO [main] org.apache.catalina.startup.HostConfig.deployDirectory Deploying web application directory [/usr/local/var/www/tomcat/webapps/docs]
11-Jan-2022 15:42:00.119 INFO [main] org.apache.catalina.startup.HostConfig.deployDirectory Deployment of web application directory [/usr/local/var/www/tomcat/webapps/docs] has finished in [224] ms
11-Jan-2022 15:42:00.119 INFO [main] org.apache.catalina.startup.HostConfig.deployDirectory Deploying web application directory [/usr/local/var/www/tomcat/webapps/manager]
11-Jan-2022 15:42:00.159 INFO [main] org.apache.catalina.startup.HostConfig.deployDirectory Deployment of web application directory [/usr/local/var/www/tomcat/webapps/manager] has finished in [40] ms
11-Jan-2022 15:42:00.159 INFO [main] org.apache.catalina.startup.HostConfig.deployDirectory Deploying web application directory [/usr/local/var/www/tomcat/webapps/examples]
11-Jan-2022 15:42:00.441 INFO [main] org.apache.catalina.startup.HostConfig.deployDirectory Deployment of web application directory [/usr/local/var/www/tomcat/webapps/examples] has finished in [282] ms
11-Jan-2022 15:42:00.441 INFO [main] org.apache.catalina.startup.HostConfig.deployDirectory Deploying web application directory [/usr/local/var/www/tomcat/webapps/ROOT]
11-Jan-2022 15:42:00.460 INFO [main] org.apache.catalina.startup.HostConfig.deployDirectory Deployment of web application directory [/usr/local/var/www/tomcat/webapps/ROOT] has finished in [19] ms
11-Jan-2022 15:42:00.460 INFO [main] org.apache.catalina.startup.HostConfig.deployDirectory Deploying web application directory [/usr/local/var/www/tomcat/webapps/host-manager]
11-Jan-2022 15:42:00.484 INFO [main] org.apache.catalina.startup.HostConfig.deployDirectory Deployment of web application directory [/usr/local/var/www/tomcat/webapps/host-manager] has finished in [24] ms
11-Jan-2022 15:42:00.487 INFO [main] org.apache.coyote.AbstractProtocol.start Starting ProtocolHandler ["http-nio-9999"]
11-Jan-2022 15:42:00.497 INFO [main] org.apache.catalina.startup.Catalina.start Server startup in [647] milliseconds
11-Jan-2022 15:51:41.363 INFO [Catalina-utility-1] org.apache.catalina.users.MemoryUserDatabase.backgroundProcess Reloading memory user database [UserDatabase] from updated source [file:/usr/local/var/www/tomcat/conf/tomcat-users.xml]
11-Jan-2022 15:51:41.364 SEVERE [Catalina-utility-1] org.apache.catalina.users.MemoryUserDatabase.open The specified user database [conf/tomcat-users.xml] could not be found
11-Jan-2022 15:51:41.865 INFO [Catalina-utility-1] org.apache.catalina.startup.HostConfig.undeploy Undeploying context []
11-Jan-2022 15:51:41.871 WARNING [Catalina-utility-1] org.apache.catalina.loader.WebappClassLoaderBase.clearReferencesJdbc JDBC driver de-registration failed for web application [ROOT]
	java.lang.NullPointerException: Cannot invoke "java.io.InputStream.read(byte[], int, int)" because "is" is null
		at org.apache.catalina.loader.WebappClassLoaderBase.clearReferencesJdbc(WebappClassLoaderBase.java:1760)
		at org.apache.catalina.loader.WebappClassLoaderBase.clearReferences(WebappClassLoaderBase.java:1698)
		at org.apache.catalina.loader.WebappClassLoaderBase.stop(WebappClassLoaderBase.java:1634)
		at org.apache.catalina.loader.WebappLoader.stopInternal(WebappLoader.java:429)
		at org.apache.catalina.util.LifecycleBase.stop(LifecycleBase.java:257)
		at org.apache.catalina.core.StandardContext.stopInternal(StandardContext.java:5464)
		at org.apache.catalina.util.LifecycleBase.stop(LifecycleBase.java:257)
		at org.apache.catalina.core.ContainerBase.removeChild(ContainerBase.java:814)
		at org.apache.catalina.startup.HostConfig.undeploy(HostConfig.java:1556)
		at org.apache.catalina.startup.HostConfig.checkResources(HostConfig.java:1481)
		at org.apache.catalina.startup.HostConfig.check(HostConfig.java:1744)
		at org.apache.catalina.startup.HostConfig.lifecycleEvent(HostConfig.java:316)
		at org.apache.catalina.util.LifecycleBase.fireLifecycleEvent(LifecycleBase.java:123)
		at org.apache.catalina.core.ContainerBase.backgroundProcess(ContainerBase.java:1162)
		at org.apache.catalina.core.ContainerBase$ContainerBackgroundProcessor.processChildren(ContainerBase.java:1365)
		at org.apache.catalina.core.ContainerBase$ContainerBackgroundProcessor.processChildren(ContainerBase.java:1369)
		at org.apache.catalina.core.ContainerBase$ContainerBackgroundProcessor.run(ContainerBase.java:1347)
		at java.base/java.util.concurrent.Executors$RunnableAdapter.call(Executors.java:515)
		at java.base/java.util.concurrent.FutureTask.runAndReset(FutureTask.java:305)
		at java.base/java.util.concurrent.ScheduledThreadPoolExecutor$ScheduledFutureTask.run(ScheduledThreadPoolExecutor.java:305)
		at java.base/java.util.concurrent.ThreadPoolExecutor.runWorker(ThreadPoolExecutor.java:1130)
		at java.base/java.util.concurrent.ThreadPoolExecutor$Worker.run(ThreadPoolExecutor.java:630)
		at org.apache.tomcat.util.threads.TaskThread$WrappingRunnable.run(TaskThread.java:61)
		at java.base/java.lang.Thread.run(Thread.java:831)
11-Jan-2022 15:51:42.391 INFO [Catalina-utility-1] org.apache.catalina.startup.HostConfig.undeploy Undeploying context [/examples]
11-Jan-2022 15:51:42.396 WARNING [Catalina-utility-1] org.apache.catalina.loader.WebappClassLoaderBase.clearReferencesJdbc JDBC driver de-registration failed for web application [examples]
	java.lang.IllegalStateException: java.io.IOException: java.lang.reflect.InvocationTargetException
		at org.apache.catalina.webresources.AbstractSingleArchiveResourceSet.getArchiveEntry(AbstractSingleArchiveResourceSet.java:101)
		at org.apache.catalina.webresources.AbstractArchiveResourceSet.getResource(AbstractArchiveResourceSet.java:263)
		at org.apache.catalina.webresources.StandardRoot.getResourceInternal(StandardRoot.java:281)
		at org.apache.catalina.webresources.Cache.getResource(Cache.java:64)
		at org.apache.catalina.webresources.StandardRoot.getResource(StandardRoot.java:216)
		at org.apache.catalina.webresources.StandardRoot.getClassLoaderResource(StandardRoot.java:225)
		at org.apache.catalina.loader.WebappClassLoaderBase.getResourceAsStream(WebappClassLoaderBase.java:1162)
		at org.apache.catalina.loader.WebappClassLoaderBase.clearReferencesJdbc(WebappClassLoaderBase.java:1758)
		at org.apache.catalina.loader.WebappClassLoaderBase.clearReferences(WebappClassLoaderBase.java:1698)
		at org.apache.catalina.loader.WebappClassLoaderBase.stop(WebappClassLoaderBase.java:1634)
		at org.apache.catalina.loader.WebappLoader.stopInternal(WebappLoader.java:429)
		at org.apache.catalina.util.LifecycleBase.stop(LifecycleBase.java:257)
		at org.apache.catalina.core.StandardContext.stopInternal(StandardContext.java:5464)
		at org.apache.catalina.util.LifecycleBase.stop(LifecycleBase.java:257)
		at org.apache.catalina.core.ContainerBase.removeChild(ContainerBase.java:814)
		at org.apache.catalina.startup.HostConfig.undeploy(HostConfig.java:1556)
		at org.apache.catalina.startup.HostConfig.checkResources(HostConfig.java:1481)
		at org.apache.catalina.startup.HostConfig.check(HostConfig.java:1744)
		at org.apache.catalina.startup.HostConfig.lifecycleEvent(HostConfig.java:316)
		at org.apache.catalina.util.LifecycleBase.fireLifecycleEvent(LifecycleBase.java:123)
		at org.apache.catalina.core.ContainerBase.backgroundProcess(ContainerBase.java:1162)
		at org.apache.catalina.core.ContainerBase$ContainerBackgroundProcessor.processChildren(ContainerBase.java:1365)
		at org.apache.catalina.core.ContainerBase$ContainerBackgroundProcessor.processChildren(ContainerBase.java:1369)
		at org.apache.catalina.core.ContainerBase$ContainerBackgroundProcessor.run(ContainerBase.java:1347)
		at java.base/java.util.concurrent.Executors$RunnableAdapter.call(Executors.java:515)
		at java.base/java.util.concurrent.FutureTask.runAndReset(FutureTask.java:305)
		at java.base/java.util.concurrent.ScheduledThreadPoolExecutor$ScheduledFutureTask.run(ScheduledThreadPoolExecutor.java:305)
		at java.base/java.util.concurrent.ThreadPoolExecutor.runWorker(ThreadPoolExecutor.java:1130)
		at java.base/java.util.concurrent.ThreadPoolExecutor$Worker.run(ThreadPoolExecutor.java:630)
		at org.apache.tomcat.util.threads.TaskThread$WrappingRunnable.run(TaskThread.java:61)
		at java.base/java.lang.Thread.run(Thread.java:831)
	Caused by: java.io.IOException: java.lang.reflect.InvocationTargetException
		at org.apache.tomcat.util.compat.Jre9Compat.jarFileNewInstance(Jre9Compat.java:209)
		at org.apache.tomcat.util.compat.JreCompat.jarFileNewInstance(JreCompat.java:226)
		at org.apache.catalina.webresources.AbstractArchiveResourceSet.openJarFile(AbstractArchiveResourceSet.java:314)
		at org.apache.catalina.webresources.AbstractSingleArchiveResourceSet.getArchiveEntry(AbstractSingleArchiveResourceSet.java:97)
		... 30 more
	Caused by: java.lang.reflect.InvocationTargetException
		at java.base/jdk.internal.reflect.GeneratedConstructorAccessor9.newInstance(Unknown Source)
		at java.base/jdk.internal.reflect.DelegatingConstructorAccessorImpl.newInstance(DelegatingConstructorAccessorImpl.java:45)
		at java.base/java.lang.reflect.Constructor.newInstanceWithCaller(Constructor.java:499)
		at java.base/java.lang.reflect.Constructor.newInstance(Constructor.java:480)
		at org.apache.tomcat.util.compat.Jre9Compat.jarFileNewInstance(Jre9Compat.java:206)
		... 33 more
	Caused by: java.nio.file.NoSuchFileException: /usr/local/var/www/tomcat/webapps/examples/WEB-INF/lib/taglibs-standard-spec-1.2.5-migrated-0.0.1.jar
		at java.base/sun.nio.fs.UnixException.translateToIOException(UnixException.java:92)
		at java.base/sun.nio.fs.UnixException.rethrowAsIOException(UnixException.java:106)
		at java.base/sun.nio.fs.UnixException.rethrowAsIOException(UnixException.java:111)
		at java.base/sun.nio.fs.UnixFileAttributeViews$Basic.readAttributes(UnixFileAttributeViews.java:55)
		at java.base/sun.nio.fs.UnixFileSystemProvider.readAttributes(UnixFileSystemProvider.java:149)
		at java.base/java.nio.file.Files.readAttributes(Files.java:1843)
		at java.base/java.util.zip.ZipFile$Source.get(ZipFile.java:1230)
		at java.base/java.util.zip.ZipFile$CleanableResource.<init>(ZipFile.java:707)
		at java.base/java.util.zip.ZipFile.<init>(ZipFile.java:241)
		at java.base/java.util.zip.ZipFile.<init>(ZipFile.java:171)
		at java.base/java.util.jar.JarFile.<init>(JarFile.java:348)
		... 38 more
11-Jan-2022 15:51:42.909 INFO [Catalina-utility-1] org.apache.catalina.startup.HostConfig.undeploy Undeploying context [/host-manager]
11-Jan-2022 15:51:42.912 WARNING [Catalina-utility-1] org.apache.catalina.loader.WebappClassLoaderBase.clearReferencesJdbc JDBC driver de-registration failed for web application [host-manager]
	java.lang.NullPointerException: Cannot invoke "java.io.InputStream.read(byte[], int, int)" because "is" is null
		at org.apache.catalina.loader.WebappClassLoaderBase.clearReferencesJdbc(WebappClassLoaderBase.java:1760)
		at org.apache.catalina.loader.WebappClassLoaderBase.clearReferences(WebappClassLoaderBase.java:1698)
		at org.apache.catalina.loader.WebappClassLoaderBase.stop(WebappClassLoaderBase.java:1634)
		at org.apache.catalina.loader.WebappLoader.stopInternal(WebappLoader.java:429)
		at org.apache.catalina.util.LifecycleBase.stop(LifecycleBase.java:257)
		at org.apache.catalina.core.StandardContext.stopInternal(StandardContext.java:5464)
		at org.apache.catalina.util.LifecycleBase.stop(LifecycleBase.java:257)
		at org.apache.catalina.core.ContainerBase.removeChild(ContainerBase.java:814)
		at org.apache.catalina.startup.HostConfig.undeploy(HostConfig.java:1556)
		at org.apache.catalina.startup.HostConfig.checkResources(HostConfig.java:1481)
		at org.apache.catalina.startup.HostConfig.check(HostConfig.java:1744)
		at org.apache.catalina.startup.HostConfig.lifecycleEvent(HostConfig.java:316)
		at org.apache.catalina.util.LifecycleBase.fireLifecycleEvent(LifecycleBase.java:123)
		at org.apache.catalina.core.ContainerBase.backgroundProcess(ContainerBase.java:1162)
		at org.apache.catalina.core.ContainerBase$ContainerBackgroundProcessor.processChildren(ContainerBase.java:1365)
		at org.apache.catalina.core.ContainerBase$ContainerBackgroundProcessor.processChildren(ContainerBase.java:1369)
		at org.apache.catalina.core.ContainerBase$ContainerBackgroundProcessor.run(ContainerBase.java:1347)
		at java.base/java.util.concurrent.Executors$RunnableAdapter.call(Executors.java:515)
		at java.base/java.util.concurrent.FutureTask.runAndReset(FutureTask.java:305)
		at java.base/java.util.concurrent.ScheduledThreadPoolExecutor$ScheduledFutureTask.run(ScheduledThreadPoolExecutor.java:305)
		at java.base/java.util.concurrent.ThreadPoolExecutor.runWorker(ThreadPoolExecutor.java:1130)
		at java.base/java.util.concurrent.ThreadPoolExecutor$Worker.run(ThreadPoolExecutor.java:630)
		at org.apache.tomcat.util.threads.TaskThread$WrappingRunnable.run(TaskThread.java:61)
		at java.base/java.lang.Thread.run(Thread.java:831)
11-Jan-2022 15:51:43.418 INFO [Catalina-utility-1] org.apache.catalina.startup.HostConfig.undeploy Undeploying context [/manager]
11-Jan-2022 15:51:43.421 WARNING [Catalina-utility-1] org.apache.catalina.loader.WebappClassLoaderBase.clearReferencesJdbc JDBC driver de-registration failed for web application [manager]
	java.lang.NullPointerException: Cannot invoke "java.io.InputStream.read(byte[], int, int)" because "is" is null
		at org.apache.catalina.loader.WebappClassLoaderBase.clearReferencesJdbc(WebappClassLoaderBase.java:1760)
		at org.apache.catalina.loader.WebappClassLoaderBase.clearReferences(WebappClassLoaderBase.java:1698)
		at org.apache.catalina.loader.WebappClassLoaderBase.stop(WebappClassLoaderBase.java:1634)
		at org.apache.catalina.loader.WebappLoader.stopInternal(WebappLoader.java:429)
		at org.apache.catalina.util.LifecycleBase.stop(LifecycleBase.java:257)
		at org.apache.catalina.core.StandardContext.stopInternal(StandardContext.java:5464)
		at org.apache.catalina.util.LifecycleBase.stop(LifecycleBase.java:257)
		at org.apache.catalina.core.ContainerBase.removeChild(ContainerBase.java:814)
		at org.apache.catalina.startup.HostConfig.undeploy(HostConfig.java:1556)
		at org.apache.catalina.startup.HostConfig.checkResources(HostConfig.java:1481)
		at org.apache.catalina.startup.HostConfig.check(HostConfig.java:1744)
		at org.apache.catalina.startup.HostConfig.lifecycleEvent(HostConfig.java:316)
		at org.apache.catalina.util.LifecycleBase.fireLifecycleEvent(LifecycleBase.java:123)
		at org.apache.catalina.core.ContainerBase.backgroundProcess(ContainerBase.java:1162)
		at org.apache.catalina.core.ContainerBase$ContainerBackgroundProcessor.processChildren(ContainerBase.java:1365)
		at org.apache.catalina.core.ContainerBase$ContainerBackgroundProcessor.processChildren(ContainerBase.java:1369)
		at org.apache.catalina.core.ContainerBase$ContainerBackgroundProcessor.run(ContainerBase.java:1347)
		at java.base/java.util.concurrent.Executors$RunnableAdapter.call(Executors.java:515)
		at java.base/java.util.concurrent.FutureTask.runAndReset(FutureTask.java:305)
		at java.base/java.util.concurrent.ScheduledThreadPoolExecutor$ScheduledFutureTask.run(ScheduledThreadPoolExecutor.java:305)
		at java.base/java.util.concurrent.ThreadPoolExecutor.runWorker(ThreadPoolExecutor.java:1130)
		at java.base/java.util.concurrent.ThreadPoolExecutor$Worker.run(ThreadPoolExecutor.java:630)
		at org.apache.tomcat.util.threads.TaskThread$WrappingRunnable.run(TaskThread.java:61)
		at java.base/java.lang.Thread.run(Thread.java:831)
11-Jan-2022 15:51:43.930 INFO [Catalina-utility-1] org.apache.catalina.startup.HostConfig.undeploy Undeploying context [/docs]
11-Jan-2022 15:51:43.932 WARNING [Catalina-utility-1] org.apache.catalina.loader.WebappClassLoaderBase.clearReferencesJdbc JDBC driver de-registration failed for web application [docs]
	java.lang.NullPointerException: Cannot invoke "java.io.InputStream.read(byte[], int, int)" because "is" is null
		at org.apache.catalina.loader.WebappClassLoaderBase.clearReferencesJdbc(WebappClassLoaderBase.java:1760)
		at org.apache.catalina.loader.WebappClassLoaderBase.clearReferences(WebappClassLoaderBase.java:1698)
		at org.apache.catalina.loader.WebappClassLoaderBase.stop(WebappClassLoaderBase.java:1634)
		at org.apache.catalina.loader.WebappLoader.stopInternal(WebappLoader.java:429)
		at org.apache.catalina.util.LifecycleBase.stop(LifecycleBase.java:257)
		at org.apache.catalina.core.StandardContext.stopInternal(StandardContext.java:5464)
		at org.apache.catalina.util.LifecycleBase.stop(LifecycleBase.java:257)
		at org.apache.catalina.core.ContainerBase.removeChild(ContainerBase.java:814)
		at org.apache.catalina.startup.HostConfig.undeploy(HostConfig.java:1556)
		at org.apache.catalina.startup.HostConfig.checkResources(HostConfig.java:1481)
		at org.apache.catalina.startup.HostConfig.check(HostConfig.java:1744)
		at org.apache.catalina.startup.HostConfig.lifecycleEvent(HostConfig.java:316)
		at org.apache.catalina.util.LifecycleBase.fireLifecycleEvent(LifecycleBase.java:123)
		at org.apache.catalina.core.ContainerBase.backgroundProcess(ContainerBase.java:1162)
		at org.apache.catalina.core.ContainerBase$ContainerBackgroundProcessor.processChildren(ContainerBase.java:1365)
		at org.apache.catalina.core.ContainerBase$ContainerBackgroundProcessor.processChildren(ContainerBase.java:1369)
		at org.apache.catalina.core.ContainerBase$ContainerBackgroundProcessor.run(ContainerBase.java:1347)
		at java.base/java.util.concurrent.Executors$RunnableAdapter.call(Executors.java:515)
		at java.base/java.util.concurrent.FutureTask.runAndReset(FutureTask.java:305)
		at java.base/java.util.concurrent.ScheduledThreadPoolExecutor$ScheduledFutureTask.run(ScheduledThreadPoolExecutor.java:305)
		at java.base/java.util.concurrent.ThreadPoolExecutor.runWorker(ThreadPoolExecutor.java:1130)
		at java.base/java.util.concurrent.ThreadPoolExecutor$Worker.run(ThreadPoolExecutor.java:630)
		at org.apache.tomcat.util.threads.TaskThread$WrappingRunnable.run(TaskThread.java:61)
		at java.base/java.lang.Thread.run(Thread.java:831)
11-Jan-2022 15:51:53.942 INFO [Catalina-utility-1] org.apache.catalina.users.MemoryUserDatabase.backgroundProcess Reloading memory user database [UserDatabase] from updated source [file:/usr/local/var/www/tomcat/conf/tomcat-users.xml]
11-Jan-2022 15:51:53.949 INFO [Catalina-utility-1] org.apache.catalina.startup.HostConfig.deployDirectory Deploying web application directory [/usr/local/var/www/tomcat/webapps/docs]
11-Jan-2022 15:51:53.970 INFO [Catalina-utility-1] org.apache.catalina.startup.HostConfig.deployDirectory Deployment of web application directory [/usr/local/var/www/tomcat/webapps/docs] has finished in [20] ms
11-Jan-2022 15:51:53.970 INFO [Catalina-utility-1] org.apache.catalina.startup.HostConfig.deployDirectory Deploying web application directory [/usr/local/var/www/tomcat/webapps/manager]
11-Jan-2022 15:51:54.002 INFO [Catalina-utility-1] org.apache.catalina.startup.HostConfig.deployDirectory Deployment of web application directory [/usr/local/var/www/tomcat/webapps/manager] has finished in [31] ms
11-Jan-2022 15:51:54.002 INFO [Catalina-utility-1] org.apache.catalina.startup.HostConfig.deployDirectory Deploying web application directory [/usr/local/var/www/tomcat/webapps/examples]
11-Jan-2022 15:51:54.200 INFO [Catalina-utility-1] org.apache.catalina.startup.HostConfig.deployDirectory Deployment of web application directory [/usr/local/var/www/tomcat/webapps/examples] has finished in [198] ms
11-Jan-2022 15:51:54.201 INFO [Catalina-utility-1] org.apache.catalina.startup.HostConfig.deployDirectory Deploying web application directory [/usr/local/var/www/tomcat/webapps/ROOT]
11-Jan-2022 15:51:54.219 INFO [Catalina-utility-1] org.apache.catalina.startup.HostConfig.deployDirectory Deployment of web application directory [/usr/local/var/www/tomcat/webapps/ROOT] has finished in [18] ms
11-Jan-2022 15:51:54.219 INFO [Catalina-utility-1] org.apache.catalina.startup.HostConfig.deployDirectory Deploying web application directory [/usr/local/var/www/tomcat/webapps/host-manager]
11-Jan-2022 15:51:54.245 INFO [Catalina-utility-1] org.apache.catalina.startup.HostConfig.deployDirectory Deployment of web application directory [/usr/local/var/www/tomcat/webapps/host-manager] has finished in [25] ms
11-Jan-2022 15:52:37.715 INFO [Thread-2] org.apache.coyote.AbstractProtocol.pause Pausing ProtocolHandler ["http-nio-9999"]
11-Jan-2022 15:52:37.719 INFO [Thread-2] org.apache.catalina.core.StandardService.stopInternal Stopping service [Catalina]
11-Jan-2022 15:52:37.729 INFO [Thread-2] org.apache.coyote.AbstractProtocol.stop Stopping ProtocolHandler ["http-nio-9999"]
11-Jan-2022 15:52:37.733 INFO [Thread-2] org.apache.coyote.AbstractProtocol.destroy Destroying ProtocolHandler ["http-nio-9999"]
11-Jan-2022 15:56:06.455 INFO [main] org.apache.catalina.startup.VersionLoggerListener.log Server version name:   Apache Tomcat/10.0.14
11-Jan-2022 15:56:06.458 INFO [main] org.apache.catalina.startup.VersionLoggerListener.log Server built:          Dec 2 2021 22:01:36 UTC
11-Jan-2022 15:56:06.459 INFO [main] org.apache.catalina.startup.VersionLoggerListener.log Server version number: 10.0.14.0
11-Jan-2022 15:56:06.459 INFO [main] org.apache.catalina.startup.VersionLoggerListener.log OS Name:               Mac OS X
11-Jan-2022 15:56:06.459 INFO [main] org.apache.catalina.startup.VersionLoggerListener.log OS Version:            11.1
11-Jan-2022 15:56:06.459 INFO [main] org.apache.catalina.startup.VersionLoggerListener.log Architecture:          x86_64
11-Jan-2022 15:56:06.459 INFO [main] org.apache.catalina.startup.VersionLoggerListener.log Java Home:             /Library/Java/JavaVirtualMachines/jdk-16.0.2.jdk/Contents/Home
11-Jan-2022 15:56:06.459 INFO [main] org.apache.catalina.startup.VersionLoggerListener.log JVM Version:           16.0.2+7-67
11-Jan-2022 15:56:06.459 INFO [main] org.apache.catalina.startup.VersionLoggerListener.log JVM Vendor:            Oracle Corporation
11-Jan-2022 15:56:06.459 INFO [main] org.apache.catalina.startup.VersionLoggerListener.log CATALINA_BASE:         /usr/local/var/www/tomcat
11-Jan-2022 15:56:06.460 INFO [main] org.apache.catalina.startup.VersionLoggerListener.log CATALINA_HOME:         /usr/local/var/www/tomcat
11-Jan-2022 15:56:06.473 INFO [main] org.apache.catalina.startup.VersionLoggerListener.log Command line argument: --add-opens=java.base/java.lang=ALL-UNNAMED
11-Jan-2022 15:56:06.473 INFO [main] org.apache.catalina.startup.VersionLoggerListener.log Command line argument: --add-opens=java.base/java.io=ALL-UNNAMED
11-Jan-2022 15:56:06.474 INFO [main] org.apache.catalina.startup.VersionLoggerListener.log Command line argument: --add-opens=java.base/java.util=ALL-UNNAMED
11-Jan-2022 15:56:06.474 INFO [main] org.apache.catalina.startup.VersionLoggerListener.log Command line argument: --add-opens=java.base/java.util.concurrent=ALL-UNNAMED
11-Jan-2022 15:56:06.474 INFO [main] org.apache.catalina.startup.VersionLoggerListener.log Command line argument: --add-opens=java.rmi/sun.rmi.transport=ALL-UNNAMED
11-Jan-2022 15:56:06.474 INFO [main] org.apache.catalina.startup.VersionLoggerListener.log Command line argument: -Djava.util.logging.config.file=/usr/local/var/www/tomcat/conf/logging.properties
11-Jan-2022 15:56:06.474 INFO [main] org.apache.catalina.startup.VersionLoggerListener.log Command line argument: -Djava.util.logging.manager=org.apache.juli.ClassLoaderLogManager
11-Jan-2022 15:56:06.474 INFO [main] org.apache.catalina.startup.VersionLoggerListener.log Command line argument: -Djdk.tls.ephemeralDHKeySize=2048
11-Jan-2022 15:56:06.474 INFO [main] org.apache.catalina.startup.VersionLoggerListener.log Command line argument: -Djava.protocol.handler.pkgs=org.apache.catalina.webresources
11-Jan-2022 15:56:06.474 INFO [main] org.apache.catalina.startup.VersionLoggerListener.log Command line argument: -Dorg.apache.catalina.security.SecurityListener.UMASK=0027
11-Jan-2022 15:56:06.474 INFO [main] org.apache.catalina.startup.VersionLoggerListener.log Command line argument: -Dignore.endorsed.dirs=
11-Jan-2022 15:56:06.475 INFO [main] org.apache.catalina.startup.VersionLoggerListener.log Command line argument: -Dcatalina.base=/usr/local/var/www/tomcat
11-Jan-2022 15:56:06.475 INFO [main] org.apache.catalina.startup.VersionLoggerListener.log Command line argument: -Dcatalina.home=/usr/local/var/www/tomcat
11-Jan-2022 15:56:06.475 INFO [main] org.apache.catalina.startup.VersionLoggerListener.log Command line argument: -Djava.io.tmpdir=/usr/local/var/www/tomcat/temp
11-Jan-2022 15:56:06.477 INFO [main] org.apache.catalina.core.AprLifecycleListener.lifecycleEvent The Apache Tomcat Native library which allows using OpenSSL was not found on the java.library.path: [/Users/sarahhuerta/Library/Java/Extensions:/Library/Java/Extensions:/Network/Library/Java/Extensions:/System/Library/Java/Extensions:/usr/lib/java:.]
11-Jan-2022 15:56:06.757 INFO [main] org.apache.coyote.AbstractProtocol.init Initializing ProtocolHandler ["http-nio-9999"]
11-Jan-2022 15:56:06.784 INFO [main] org.apache.catalina.startup.Catalina.load Server initialization in [493] milliseconds
11-Jan-2022 15:56:06.821 INFO [main] org.apache.catalina.core.StandardService.startInternal Starting service [Catalina]
11-Jan-2022 15:56:06.821 INFO [main] org.apache.catalina.core.StandardEngine.startInternal Starting Servlet engine: [Apache Tomcat/10.0.14]
11-Jan-2022 15:56:06.829 INFO [main] org.apache.catalina.startup.HostConfig.deployDirectory Deploying web application directory [/usr/local/var/www/tomcat/webapps/docs]
11-Jan-2022 15:56:07.046 INFO [main] org.apache.catalina.startup.HostConfig.deployDirectory Deployment of web application directory [/usr/local/var/www/tomcat/webapps/docs] has finished in [216] ms
11-Jan-2022 15:56:07.046 INFO [main] org.apache.catalina.startup.HostConfig.deployDirectory Deploying web application directory [/usr/local/var/www/tomcat/webapps/manager]
11-Jan-2022 15:56:07.086 INFO [main] org.apache.catalina.startup.HostConfig.deployDirectory Deployment of web application directory [/usr/local/var/www/tomcat/webapps/manager] has finished in [39] ms
11-Jan-2022 15:56:07.086 INFO [main] org.apache.catalina.startup.HostConfig.deployDirectory Deploying web application directory [/usr/local/var/www/tomcat/webapps/lis4368]
11-Jan-2022 15:56:07.672 INFO [main] org.apache.jasper.servlet.TldScanner.scanJars At least one JAR was scanned for TLDs yet contained no TLDs. Enable debug logging for this logger for a complete list of JARs that were scanned but no TLDs were found in them. Skipping unneeded JARs during scanning can improve startup time and JSP compilation time.
11-Jan-2022 15:56:07.690 INFO [main] org.apache.catalina.startup.HostConfig.deployDirectory Deployment of web application directory [/usr/local/var/www/tomcat/webapps/lis4368] has finished in [604] ms
11-Jan-2022 15:56:07.690 INFO [main] org.apache.catalina.startup.HostConfig.deployDirectory Deploying web application directory [/usr/local/var/www/tomcat/webapps/examples]
11-Jan-2022 15:56:07.913 INFO [main] org.apache.catalina.startup.HostConfig.deployDirectory Deployment of web application directory [/usr/local/var/www/tomcat/webapps/examples] has finished in [223] ms
11-Jan-2022 15:56:07.914 INFO [main] org.apache.catalina.startup.HostConfig.deployDirectory Deploying web application directory [/usr/local/var/www/tomcat/webapps/ROOT]
11-Jan-2022 15:56:07.933 INFO [main] org.apache.catalina.startup.HostConfig.deployDirectory Deployment of web application directory [/usr/local/var/www/tomcat/webapps/ROOT] has finished in [20] ms
11-Jan-2022 15:56:07.934 INFO [main] org.apache.catalina.startup.HostConfig.deployDirectory Deploying web application directory [/usr/local/var/www/tomcat/webapps/host-manager]
11-Jan-2022 15:56:07.959 INFO [main] org.apache.catalina.startup.HostConfig.deployDirectory Deployment of web application directory [/usr/local/var/www/tomcat/webapps/host-manager] has finished in [25] ms
11-Jan-2022 15:56:07.962 INFO [main] org.apache.coyote.AbstractProtocol.start Starting ProtocolHandler ["http-nio-9999"]
11-Jan-2022 15:56:07.973 INFO [main] org.apache.catalina.startup.Catalina.start Server startup in [1188] milliseconds
11-Jan-2022 16:09:14.158 INFO [Thread-2] org.apache.coyote.AbstractProtocol.pause Pausing ProtocolHandler ["http-nio-9999"]
11-Jan-2022 16:09:14.162 INFO [Thread-2] org.apache.catalina.core.StandardService.stopInternal Stopping service [Catalina]
11-Jan-2022 16:09:14.183 INFO [Thread-2] org.apache.coyote.AbstractProtocol.stop Stopping ProtocolHandler ["http-nio-9999"]
11-Jan-2022 16:09:14.187 INFO [Thread-2] org.apache.coyote.AbstractProtocol.destroy Destroying ProtocolHandler ["http-nio-9999"]
11-Jan-2022 16:18:21.823 INFO [main] org.apache.catalina.startup.VersionLoggerListener.log Server version name:   Apache Tomcat/10.0.14
11-Jan-2022 16:18:21.827 INFO [main] org.apache.catalina.startup.VersionLoggerListener.log Server built:          Dec 2 2021 22:01:36 UTC
11-Jan-2022 16:18:21.827 INFO [main] org.apache.catalina.startup.VersionLoggerListener.log Server version number: 10.0.14.0
11-Jan-2022 16:18:21.827 INFO [main] org.apache.catalina.startup.VersionLoggerListener.log OS Name:               Mac OS X
11-Jan-2022 16:18:21.827 INFO [main] org.apache.catalina.startup.VersionLoggerListener.log OS Version:            11.1
11-Jan-2022 16:18:21.828 INFO [main] org.apache.catalina.startup.VersionLoggerListener.log Architecture:          x86_64
11-Jan-2022 16:18:21.828 INFO [main] org.apache.catalina.startup.VersionLoggerListener.log Java Home:             /Library/Java/JavaVirtualMachines/jdk-16.0.2.jdk/Contents/Home
11-Jan-2022 16:18:21.828 INFO [main] org.apache.catalina.startup.VersionLoggerListener.log JVM Version:           16.0.2+7-67
11-Jan-2022 16:18:21.828 INFO [main] org.apache.catalina.startup.VersionLoggerListener.log JVM Vendor:            Oracle Corporation
11-Jan-2022 16:18:21.828 INFO [main] org.apache.catalina.startup.VersionLoggerListener.log CATALINA_BASE:         /usr/local/var/www/tomcat
11-Jan-2022 16:18:21.829 INFO [main] org.apache.catalina.startup.VersionLoggerListener.log CATALINA_HOME:         /usr/local/var/www/tomcat
11-Jan-2022 16:18:21.842 INFO [main] org.apache.catalina.startup.VersionLoggerListener.log Command line argument: --add-opens=java.base/java.lang=ALL-UNNAMED
11-Jan-2022 16:18:21.842 INFO [main] org.apache.catalina.startup.VersionLoggerListener.log Command line argument: --add-opens=java.base/java.io=ALL-UNNAMED
11-Jan-2022 16:18:21.842 INFO [main] org.apache.catalina.startup.VersionLoggerListener.log Command line argument: --add-opens=java.base/java.util=ALL-UNNAMED
11-Jan-2022 16:18:21.842 INFO [main] org.apache.catalina.startup.VersionLoggerListener.log Command line argument: --add-opens=java.base/java.util.concurrent=ALL-UNNAMED
11-Jan-2022 16:18:21.842 INFO [main] org.apache.catalina.startup.VersionLoggerListener.log Command line argument: --add-opens=java.rmi/sun.rmi.transport=ALL-UNNAMED
11-Jan-2022 16:18:21.842 INFO [main] org.apache.catalina.startup.VersionLoggerListener.log Command line argument: -Djava.util.logging.config.file=/usr/local/var/www/tomcat/conf/logging.properties
11-Jan-2022 16:18:21.842 INFO [main] org.apache.catalina.startup.VersionLoggerListener.log Command line argument: -Djava.util.logging.manager=org.apache.juli.ClassLoaderLogManager
11-Jan-2022 16:18:21.843 INFO [main] org.apache.catalina.startup.VersionLoggerListener.log Command line argument: -Djdk.tls.ephemeralDHKeySize=2048
11-Jan-2022 16:18:21.843 INFO [main] org.apache.catalina.startup.VersionLoggerListener.log Command line argument: -Djava.protocol.handler.pkgs=org.apache.catalina.webresources
11-Jan-2022 16:18:21.843 INFO [main] org.apache.catalina.startup.VersionLoggerListener.log Command line argument: -Dorg.apache.catalina.security.SecurityListener.UMASK=0027
11-Jan-2022 16:18:21.843 INFO [main] org.apache.catalina.startup.VersionLoggerListener.log Command line argument: -Dignore.endorsed.dirs=
11-Jan-2022 16:18:21.843 INFO [main] org.apache.catalina.startup.VersionLoggerListener.log Command line argument: -Dcatalina.base=/usr/local/var/www/tomcat
11-Jan-2022 16:18:21.843 INFO [main] org.apache.catalina.startup.VersionLoggerListener.log Command line argument: -Dcatalina.home=/usr/local/var/www/tomcat
11-Jan-2022 16:18:21.843 INFO [main] org.apache.catalina.startup.VersionLoggerListener.log Command line argument: -Djava.io.tmpdir=/usr/local/var/www/tomcat/temp
11-Jan-2022 16:18:21.845 INFO [main] org.apache.catalina.core.AprLifecycleListener.lifecycleEvent The Apache Tomcat Native library which allows using OpenSSL was not found on the java.library.path: [/Users/sarahhuerta/Library/Java/Extensions:/Library/Java/Extensions:/Network/Library/Java/Extensions:/System/Library/Java/Extensions:/usr/lib/java:.]
11-Jan-2022 16:18:22.138 INFO [main] org.apache.coyote.AbstractProtocol.init Initializing ProtocolHandler ["http-nio-9999"]
11-Jan-2022 16:18:22.167 INFO [main] org.apache.catalina.startup.Catalina.load Server initialization in [508] milliseconds
11-Jan-2022 16:18:22.209 INFO [main] org.apache.catalina.core.StandardService.startInternal Starting service [Catalina]
11-Jan-2022 16:18:22.209 INFO [main] org.apache.catalina.core.StandardEngine.startInternal Starting Servlet engine: [Apache Tomcat/10.0.14]
11-Jan-2022 16:18:22.216 INFO [main] org.apache.catalina.startup.HostConfig.deployDirectory Deploying web application directory [/usr/local/var/www/tomcat/webapps/docs]
11-Jan-2022 16:18:22.450 INFO [main] org.apache.catalina.startup.HostConfig.deployDirectory Deployment of web application directory [/usr/local/var/www/tomcat/webapps/docs] has finished in [233] ms
11-Jan-2022 16:18:22.450 INFO [main] org.apache.catalina.startup.HostConfig.deployDirectory Deploying web application directory [/usr/local/var/www/tomcat/webapps/manager]
11-Jan-2022 16:18:22.495 INFO [main] org.apache.catalina.startup.HostConfig.deployDirectory Deployment of web application directory [/usr/local/var/www/tomcat/webapps/manager] has finished in [45] ms
11-Jan-2022 16:18:22.496 INFO [main] org.apache.catalina.startup.HostConfig.deployDirectory Deploying web application directory [/usr/local/var/www/tomcat/webapps/lis4368]
11-Jan-2022 16:18:23.096 INFO [main] org.apache.jasper.servlet.TldScanner.scanJars At least one JAR was scanned for TLDs yet contained no TLDs. Enable debug logging for this logger for a complete list of JARs that were scanned but no TLDs were found in them. Skipping unneeded JARs during scanning can improve startup time and JSP compilation time.
11-Jan-2022 16:18:23.118 INFO [main] org.apache.catalina.startup.HostConfig.deployDirectory Deployment of web application directory [/usr/local/var/www/tomcat/webapps/lis4368] has finished in [623] ms
11-Jan-2022 16:18:23.118 INFO [main] org.apache.catalina.startup.HostConfig.deployDirectory Deploying web application directory [/usr/local/var/www/tomcat/webapps/examples]
11-Jan-2022 16:18:23.418 INFO [main] org.apache.catalina.startup.HostConfig.deployDirectory Deployment of web application directory [/usr/local/var/www/tomcat/webapps/examples] has finished in [299] ms
11-Jan-2022 16:18:23.418 INFO [main] org.apache.catalina.startup.HostConfig.deployDirectory Deploying web application directory [/usr/local/var/www/tomcat/webapps/ROOT]
11-Jan-2022 16:18:23.439 INFO [main] org.apache.catalina.startup.HostConfig.deployDirectory Deployment of web application directory [/usr/local/var/www/tomcat/webapps/ROOT] has finished in [21] ms
11-Jan-2022 16:18:23.440 INFO [main] org.apache.catalina.startup.HostConfig.deployDirectory Deploying web application directory [/usr/local/var/www/tomcat/webapps/host-manager]
11-Jan-2022 16:18:23.468 INFO [main] org.apache.catalina.startup.HostConfig.deployDirectory Deployment of web application directory [/usr/local/var/www/tomcat/webapps/host-manager] has finished in [29] ms
11-Jan-2022 16:18:23.471 INFO [main] org.apache.coyote.AbstractProtocol.start Starting ProtocolHandler ["http-nio-9999"]
11-Jan-2022 16:18:23.486 INFO [main] org.apache.catalina.startup.Catalina.start Server startup in [1319] milliseconds
11-Jan-2022 16:21:12.140 INFO [Thread-2] org.apache.coyote.AbstractProtocol.pause Pausing ProtocolHandler ["http-nio-9999"]
11-Jan-2022 16:21:12.145 INFO [Thread-2] org.apache.catalina.core.StandardService.stopInternal Stopping service [Catalina]
11-Jan-2022 16:21:12.165 INFO [Thread-2] org.apache.coyote.AbstractProtocol.stop Stopping ProtocolHandler ["http-nio-9999"]
11-Jan-2022 16:21:12.169 INFO [Thread-2] org.apache.coyote.AbstractProtocol.destroy Destroying ProtocolHandler ["http-nio-9999"]
