26-Jan-2022 12:06:23.762 INFO [main] org.apache.catalina.startup.VersionLoggerListener.log Server version name:   Apache Tomcat/10.0.14
26-Jan-2022 12:06:23.767 INFO [main] org.apache.catalina.startup.VersionLoggerListener.log Server built:          Dec 2 2021 22:01:36 UTC
26-Jan-2022 12:06:23.767 INFO [main] org.apache.catalina.startup.VersionLoggerListener.log Server version number: 10.0.14.0
26-Jan-2022 12:06:23.767 INFO [main] org.apache.catalina.startup.VersionLoggerListener.log OS Name:               Mac OS X
26-Jan-2022 12:06:23.767 INFO [main] org.apache.catalina.startup.VersionLoggerListener.log OS Version:            12.1
26-Jan-2022 12:06:23.767 INFO [main] org.apache.catalina.startup.VersionLoggerListener.log Architecture:          x86_64
26-Jan-2022 12:06:23.768 INFO [main] org.apache.catalina.startup.VersionLoggerListener.log Java Home:             /Library/Java/JavaVirtualMachines/jdk-17.0.2.jdk/Contents/Home
26-Jan-2022 12:06:23.768 INFO [main] org.apache.catalina.startup.VersionLoggerListener.log JVM Version:           17.0.2+8-LTS-86
26-Jan-2022 12:06:23.768 INFO [main] org.apache.catalina.startup.VersionLoggerListener.log JVM Vendor:            Oracle Corporation
26-Jan-2022 12:06:23.768 INFO [main] org.apache.catalina.startup.VersionLoggerListener.log CATALINA_BASE:         /usr/local/var/tomcat
26-Jan-2022 12:06:23.768 INFO [main] org.apache.catalina.startup.VersionLoggerListener.log CATALINA_HOME:         /usr/local/var/tomcat
26-Jan-2022 12:06:23.788 INFO [main] org.apache.catalina.startup.VersionLoggerListener.log Command line argument: --add-opens=java.base/java.lang=ALL-UNNAMED
26-Jan-2022 12:06:23.788 INFO [main] org.apache.catalina.startup.VersionLoggerListener.log Command line argument: --add-opens=java.base/java.io=ALL-UNNAMED
26-Jan-2022 12:06:23.788 INFO [main] org.apache.catalina.startup.VersionLoggerListener.log Command line argument: --add-opens=java.base/java.util=ALL-UNNAMED
26-Jan-2022 12:06:23.788 INFO [main] org.apache.catalina.startup.VersionLoggerListener.log Command line argument: --add-opens=java.base/java.util.concurrent=ALL-UNNAMED
26-Jan-2022 12:06:23.788 INFO [main] org.apache.catalina.startup.VersionLoggerListener.log Command line argument: --add-opens=java.rmi/sun.rmi.transport=ALL-UNNAMED
26-Jan-2022 12:06:23.788 INFO [main] org.apache.catalina.startup.VersionLoggerListener.log Command line argument: -Djava.util.logging.config.file=/usr/local/var/tomcat/conf/logging.properties
26-Jan-2022 12:06:23.789 INFO [main] org.apache.catalina.startup.VersionLoggerListener.log Command line argument: -Djava.util.logging.manager=org.apache.juli.ClassLoaderLogManager
26-Jan-2022 12:06:23.789 INFO [main] org.apache.catalina.startup.VersionLoggerListener.log Command line argument: -Djdk.tls.ephemeralDHKeySize=2048
26-Jan-2022 12:06:23.789 INFO [main] org.apache.catalina.startup.VersionLoggerListener.log Command line argument: -Djava.protocol.handler.pkgs=org.apache.catalina.webresources
26-Jan-2022 12:06:23.789 INFO [main] org.apache.catalina.startup.VersionLoggerListener.log Command line argument: -Dorg.apache.catalina.security.SecurityListener.UMASK=0027
26-Jan-2022 12:06:23.789 INFO [main] org.apache.catalina.startup.VersionLoggerListener.log Command line argument: -Dignore.endorsed.dirs=
26-Jan-2022 12:06:23.789 INFO [main] org.apache.catalina.startup.VersionLoggerListener.log Command line argument: -Dcatalina.base=/usr/local/var/tomcat
26-Jan-2022 12:06:23.790 INFO [main] org.apache.catalina.startup.VersionLoggerListener.log Command line argument: -Dcatalina.home=/usr/local/var/tomcat
26-Jan-2022 12:06:23.790 INFO [main] org.apache.catalina.startup.VersionLoggerListener.log Command line argument: -Djava.io.tmpdir=/usr/local/var/tomcat/temp
26-Jan-2022 12:06:23.799 INFO [main] org.apache.catalina.core.AprLifecycleListener.lifecycleEvent The Apache Tomcat Native library which allows using OpenSSL was not found on the java.library.path: [/Users/sarahhuerta/Library/Java/Extensions:/Library/Java/Extensions:/Network/Library/Java/Extensions:/System/Library/Java/Extensions:/usr/lib/java:.]
26-Jan-2022 12:06:24.146 INFO [main] org.apache.coyote.AbstractProtocol.init Initializing ProtocolHandler ["http-nio-9999"]
26-Jan-2022 12:06:24.186 INFO [main] org.apache.catalina.startup.Catalina.load Server initialization in [659] milliseconds
26-Jan-2022 12:06:24.234 INFO [main] org.apache.catalina.core.StandardService.startInternal Starting service [Catalina]
26-Jan-2022 12:06:24.234 INFO [main] org.apache.catalina.core.StandardEngine.startInternal Starting Servlet engine: [Apache Tomcat/10.0.14]
26-Jan-2022 12:06:24.244 INFO [main] org.apache.catalina.startup.HostConfig.deployDirectory Deploying web application directory [/usr/local/var/tomcat/webapps/docs]
26-Jan-2022 12:06:24.972 INFO [main] org.apache.jasper.servlet.TldScanner.scanJars At least one JAR was scanned for TLDs yet contained no TLDs. Enable debug logging for this logger for a complete list of JARs that were scanned but no TLDs were found in them. Skipping unneeded JARs during scanning can improve startup time and JSP compilation time.
26-Jan-2022 12:06:25.035 INFO [main] org.apache.catalina.startup.HostConfig.deployDirectory Deployment of web application directory [/usr/local/var/tomcat/webapps/docs] has finished in [790] ms
26-Jan-2022 12:06:25.035 INFO [main] org.apache.catalina.startup.HostConfig.deployDirectory Deploying web application directory [/usr/local/var/tomcat/webapps/manager]
26-Jan-2022 12:06:25.475 INFO [main] org.apache.jasper.servlet.TldScanner.scanJars At least one JAR was scanned for TLDs yet contained no TLDs. Enable debug logging for this logger for a complete list of JARs that were scanned but no TLDs were found in them. Skipping unneeded JARs during scanning can improve startup time and JSP compilation time.
26-Jan-2022 12:06:25.482 INFO [main] org.apache.catalina.startup.HostConfig.deployDirectory Deployment of web application directory [/usr/local/var/tomcat/webapps/manager] has finished in [447] ms
26-Jan-2022 12:06:25.482 INFO [main] org.apache.catalina.startup.HostConfig.deployDirectory Deploying web application directory [/usr/local/var/tomcat/webapps/lis4368]
26-Jan-2022 12:06:26.442 INFO [main] org.apache.jasper.servlet.TldScanner.scanJars At least one JAR was scanned for TLDs yet contained no TLDs. Enable debug logging for this logger for a complete list of JARs that were scanned but no TLDs were found in them. Skipping unneeded JARs during scanning can improve startup time and JSP compilation time.
26-Jan-2022 12:06:26.463 INFO [main] org.apache.catalina.startup.HostConfig.deployDirectory Deployment of web application directory [/usr/local/var/tomcat/webapps/lis4368] has finished in [981] ms
26-Jan-2022 12:06:26.463 INFO [main] org.apache.catalina.startup.HostConfig.deployDirectory Deploying web application directory [/usr/local/var/tomcat/webapps/examples]
26-Jan-2022 12:06:27.121 INFO [main] org.apache.jasper.servlet.TldScanner.scanJars At least one JAR was scanned for TLDs yet contained no TLDs. Enable debug logging for this logger for a complete list of JARs that were scanned but no TLDs were found in them. Skipping unneeded JARs during scanning can improve startup time and JSP compilation time.
26-Jan-2022 12:06:27.146 INFO [main] org.apache.catalina.startup.HostConfig.deployDirectory Deployment of web application directory [/usr/local/var/tomcat/webapps/examples] has finished in [683] ms
26-Jan-2022 12:06:27.146 INFO [main] org.apache.catalina.startup.HostConfig.deployDirectory Deploying web application directory [/usr/local/var/tomcat/webapps/ROOT]
26-Jan-2022 12:06:27.584 INFO [main] org.apache.jasper.servlet.TldScanner.scanJars At least one JAR was scanned for TLDs yet contained no TLDs. Enable debug logging for this logger for a complete list of JARs that were scanned but no TLDs were found in them. Skipping unneeded JARs during scanning can improve startup time and JSP compilation time.
26-Jan-2022 12:06:27.588 INFO [main] org.apache.catalina.startup.HostConfig.deployDirectory Deployment of web application directory [/usr/local/var/tomcat/webapps/ROOT] has finished in [442] ms
26-Jan-2022 12:06:27.588 INFO [main] org.apache.catalina.startup.HostConfig.deployDirectory Deploying web application directory [/usr/local/var/tomcat/webapps/hello]
26-Jan-2022 12:06:28.377 INFO [main] org.apache.jasper.servlet.TldScanner.scanJars At least one JAR was scanned for TLDs yet contained no TLDs. Enable debug logging for this logger for a complete list of JARs that were scanned but no TLDs were found in them. Skipping unneeded JARs during scanning can improve startup time and JSP compilation time.
26-Jan-2022 12:06:28.389 INFO [main] org.apache.catalina.startup.HostConfig.deployDirectory Deployment of web application directory [/usr/local/var/tomcat/webapps/hello] has finished in [801] ms
26-Jan-2022 12:06:28.389 INFO [main] org.apache.catalina.startup.HostConfig.deployDirectory Deploying web application directory [/usr/local/var/tomcat/webapps/host-manager]
26-Jan-2022 12:06:28.778 INFO [main] org.apache.jasper.servlet.TldScanner.scanJars At least one JAR was scanned for TLDs yet contained no TLDs. Enable debug logging for this logger for a complete list of JARs that were scanned but no TLDs were found in them. Skipping unneeded JARs during scanning can improve startup time and JSP compilation time.
26-Jan-2022 12:06:28.780 INFO [main] org.apache.catalina.startup.HostConfig.deployDirectory Deployment of web application directory [/usr/local/var/tomcat/webapps/host-manager] has finished in [390] ms
26-Jan-2022 12:06:28.783 INFO [main] org.apache.coyote.AbstractProtocol.start Starting ProtocolHandler ["http-nio-9999"]
26-Jan-2022 12:06:28.798 INFO [main] org.apache.catalina.startup.Catalina.start Server startup in [4612] milliseconds
26-Jan-2022 12:06:39.750 INFO [Thread-2] org.apache.coyote.AbstractProtocol.pause Pausing ProtocolHandler ["http-nio-9999"]
26-Jan-2022 12:06:39.760 INFO [Thread-2] org.apache.catalina.core.StandardService.stopInternal Stopping service [Catalina]
26-Jan-2022 12:06:39.792 INFO [Thread-2] org.apache.coyote.AbstractProtocol.stop Stopping ProtocolHandler ["http-nio-9999"]
26-Jan-2022 12:06:39.807 INFO [Thread-2] org.apache.coyote.AbstractProtocol.destroy Destroying ProtocolHandler ["http-nio-9999"]
26-Jan-2022 12:59:37.217 INFO [main] org.apache.catalina.startup.VersionLoggerListener.log Server version name:   Apache Tomcat/10.0.14
26-Jan-2022 12:59:37.220 INFO [main] org.apache.catalina.startup.VersionLoggerListener.log Server built:          Dec 2 2021 22:01:36 UTC
26-Jan-2022 12:59:37.220 INFO [main] org.apache.catalina.startup.VersionLoggerListener.log Server version number: 10.0.14.0
26-Jan-2022 12:59:37.220 INFO [main] org.apache.catalina.startup.VersionLoggerListener.log OS Name:               Mac OS X
26-Jan-2022 12:59:37.220 INFO [main] org.apache.catalina.startup.VersionLoggerListener.log OS Version:            12.1
26-Jan-2022 12:59:37.220 INFO [main] org.apache.catalina.startup.VersionLoggerListener.log Architecture:          x86_64
26-Jan-2022 12:59:37.221 INFO [main] org.apache.catalina.startup.VersionLoggerListener.log Java Home:             /Library/Java/JavaVirtualMachines/jdk-17.0.2.jdk/Contents/Home
26-Jan-2022 12:59:37.221 INFO [main] org.apache.catalina.startup.VersionLoggerListener.log JVM Version:           17.0.2+8-LTS-86
26-Jan-2022 12:59:37.221 INFO [main] org.apache.catalina.startup.VersionLoggerListener.log JVM Vendor:            Oracle Corporation
26-Jan-2022 12:59:37.221 INFO [main] org.apache.catalina.startup.VersionLoggerListener.log CATALINA_BASE:         /usr/local/var/tomcat
26-Jan-2022 12:59:37.221 INFO [main] org.apache.catalina.startup.VersionLoggerListener.log CATALINA_HOME:         /usr/local/var/tomcat
26-Jan-2022 12:59:37.232 INFO [main] org.apache.catalina.startup.VersionLoggerListener.log Command line argument: --add-opens=java.base/java.lang=ALL-UNNAMED
26-Jan-2022 12:59:37.232 INFO [main] org.apache.catalina.startup.VersionLoggerListener.log Command line argument: --add-opens=java.base/java.io=ALL-UNNAMED
26-Jan-2022 12:59:37.232 INFO [main] org.apache.catalina.startup.VersionLoggerListener.log Command line argument: --add-opens=java.base/java.util=ALL-UNNAMED
26-Jan-2022 12:59:37.232 INFO [main] org.apache.catalina.startup.VersionLoggerListener.log Command line argument: --add-opens=java.base/java.util.concurrent=ALL-UNNAMED
26-Jan-2022 12:59:37.233 INFO [main] org.apache.catalina.startup.VersionLoggerListener.log Command line argument: --add-opens=java.rmi/sun.rmi.transport=ALL-UNNAMED
26-Jan-2022 12:59:37.233 INFO [main] org.apache.catalina.startup.VersionLoggerListener.log Command line argument: -Djava.util.logging.config.file=/usr/local/var/tomcat/conf/logging.properties
26-Jan-2022 12:59:37.233 INFO [main] org.apache.catalina.startup.VersionLoggerListener.log Command line argument: -Djava.util.logging.manager=org.apache.juli.ClassLoaderLogManager
26-Jan-2022 12:59:37.233 INFO [main] org.apache.catalina.startup.VersionLoggerListener.log Command line argument: -Djdk.tls.ephemeralDHKeySize=2048
26-Jan-2022 12:59:37.233 INFO [main] org.apache.catalina.startup.VersionLoggerListener.log Command line argument: -Djava.protocol.handler.pkgs=org.apache.catalina.webresources
26-Jan-2022 12:59:37.233 INFO [main] org.apache.catalina.startup.VersionLoggerListener.log Command line argument: -Dorg.apache.catalina.security.SecurityListener.UMASK=0027
26-Jan-2022 12:59:37.233 INFO [main] org.apache.catalina.startup.VersionLoggerListener.log Command line argument: -Dignore.endorsed.dirs=
26-Jan-2022 12:59:37.234 INFO [main] org.apache.catalina.startup.VersionLoggerListener.log Command line argument: -Dcatalina.base=/usr/local/var/tomcat
26-Jan-2022 12:59:37.234 INFO [main] org.apache.catalina.startup.VersionLoggerListener.log Command line argument: -Dcatalina.home=/usr/local/var/tomcat
26-Jan-2022 12:59:37.234 INFO [main] org.apache.catalina.startup.VersionLoggerListener.log Command line argument: -Djava.io.tmpdir=/usr/local/var/tomcat/temp
26-Jan-2022 12:59:37.241 INFO [main] org.apache.catalina.core.AprLifecycleListener.lifecycleEvent The Apache Tomcat Native library which allows using OpenSSL was not found on the java.library.path: [/Users/sarahhuerta/Library/Java/Extensions:/Library/Java/Extensions:/Network/Library/Java/Extensions:/System/Library/Java/Extensions:/usr/lib/java:.]
26-Jan-2022 12:59:37.524 INFO [main] org.apache.coyote.AbstractProtocol.init Initializing ProtocolHandler ["http-nio-9999"]
26-Jan-2022 12:59:37.553 INFO [main] org.apache.catalina.startup.Catalina.load Server initialization in [494] milliseconds
26-Jan-2022 12:59:37.588 INFO [main] org.apache.catalina.core.StandardService.startInternal Starting service [Catalina]
26-Jan-2022 12:59:37.588 INFO [main] org.apache.catalina.core.StandardEngine.startInternal Starting Servlet engine: [Apache Tomcat/10.0.14]
26-Jan-2022 12:59:37.597 INFO [main] org.apache.catalina.startup.HostConfig.deployDirectory Deploying web application directory [/usr/local/var/tomcat/webapps/docs]
26-Jan-2022 12:59:38.230 INFO [main] org.apache.jasper.servlet.TldScanner.scanJars At least one JAR was scanned for TLDs yet contained no TLDs. Enable debug logging for this logger for a complete list of JARs that were scanned but no TLDs were found in them. Skipping unneeded JARs during scanning can improve startup time and JSP compilation time.
26-Jan-2022 12:59:38.274 INFO [main] org.apache.catalina.startup.HostConfig.deployDirectory Deployment of web application directory [/usr/local/var/tomcat/webapps/docs] has finished in [677] ms
26-Jan-2022 12:59:38.275 INFO [main] org.apache.catalina.startup.HostConfig.deployDirectory Deploying web application directory [/usr/local/var/tomcat/webapps/manager]
26-Jan-2022 12:59:38.710 INFO [main] org.apache.jasper.servlet.TldScanner.scanJars At least one JAR was scanned for TLDs yet contained no TLDs. Enable debug logging for this logger for a complete list of JARs that were scanned but no TLDs were found in them. Skipping unneeded JARs during scanning can improve startup time and JSP compilation time.
26-Jan-2022 12:59:38.717 INFO [main] org.apache.catalina.startup.HostConfig.deployDirectory Deployment of web application directory [/usr/local/var/tomcat/webapps/manager] has finished in [443] ms
26-Jan-2022 12:59:38.717 INFO [main] org.apache.catalina.startup.HostConfig.deployDirectory Deploying web application directory [/usr/local/var/tomcat/webapps/lis4368]
26-Jan-2022 12:59:39.577 INFO [main] org.apache.jasper.servlet.TldScanner.scanJars At least one JAR was scanned for TLDs yet contained no TLDs. Enable debug logging for this logger for a complete list of JARs that were scanned but no TLDs were found in them. Skipping unneeded JARs during scanning can improve startup time and JSP compilation time.
26-Jan-2022 12:59:39.594 INFO [main] org.apache.catalina.startup.HostConfig.deployDirectory Deployment of web application directory [/usr/local/var/tomcat/webapps/lis4368] has finished in [877] ms
26-Jan-2022 12:59:39.595 INFO [main] org.apache.catalina.startup.HostConfig.deployDirectory Deploying web application directory [/usr/local/var/tomcat/webapps/examples]
26-Jan-2022 12:59:40.125 INFO [main] org.apache.jasper.servlet.TldScanner.scanJars At least one JAR was scanned for TLDs yet contained no TLDs. Enable debug logging for this logger for a complete list of JARs that were scanned but no TLDs were found in them. Skipping unneeded JARs during scanning can improve startup time and JSP compilation time.
26-Jan-2022 12:59:40.143 INFO [main] org.apache.catalina.startup.HostConfig.deployDirectory Deployment of web application directory [/usr/local/var/tomcat/webapps/examples] has finished in [548] ms
26-Jan-2022 12:59:40.143 INFO [main] org.apache.catalina.startup.HostConfig.deployDirectory Deploying web application directory [/usr/local/var/tomcat/webapps/ROOT]
26-Jan-2022 12:59:40.528 INFO [main] org.apache.jasper.servlet.TldScanner.scanJars At least one JAR was scanned for TLDs yet contained no TLDs. Enable debug logging for this logger for a complete list of JARs that were scanned but no TLDs were found in them. Skipping unneeded JARs during scanning can improve startup time and JSP compilation time.
26-Jan-2022 12:59:40.530 INFO [main] org.apache.catalina.startup.HostConfig.deployDirectory Deployment of web application directory [/usr/local/var/tomcat/webapps/ROOT] has finished in [387] ms
26-Jan-2022 12:59:40.530 INFO [main] org.apache.catalina.startup.HostConfig.deployDirectory Deploying web application directory [/usr/local/var/tomcat/webapps/hello]
26-Jan-2022 12:59:41.257 INFO [main] org.apache.jasper.servlet.TldScanner.scanJars At least one JAR was scanned for TLDs yet contained no TLDs. Enable debug logging for this logger for a complete list of JARs that were scanned but no TLDs were found in them. Skipping unneeded JARs during scanning can improve startup time and JSP compilation time.
26-Jan-2022 12:59:41.269 INFO [main] org.apache.catalina.startup.HostConfig.deployDirectory Deployment of web application directory [/usr/local/var/tomcat/webapps/hello] has finished in [739] ms
26-Jan-2022 12:59:41.269 INFO [main] org.apache.catalina.startup.HostConfig.deployDirectory Deploying web application directory [/usr/local/var/tomcat/webapps/host-manager]
26-Jan-2022 12:59:41.655 INFO [main] org.apache.jasper.servlet.TldScanner.scanJars At least one JAR was scanned for TLDs yet contained no TLDs. Enable debug logging for this logger for a complete list of JARs that were scanned but no TLDs were found in them. Skipping unneeded JARs during scanning can improve startup time and JSP compilation time.
26-Jan-2022 12:59:41.657 INFO [main] org.apache.catalina.startup.HostConfig.deployDirectory Deployment of web application directory [/usr/local/var/tomcat/webapps/host-manager] has finished in [388] ms
26-Jan-2022 12:59:41.660 INFO [main] org.apache.coyote.AbstractProtocol.start Starting ProtocolHandler ["http-nio-9999"]
26-Jan-2022 12:59:41.671 INFO [main] org.apache.catalina.startup.Catalina.start Server startup in [4112] milliseconds
26-Jan-2022 13:43:45.362 INFO [Thread-2] org.apache.coyote.AbstractProtocol.pause Pausing ProtocolHandler ["http-nio-9999"]
26-Jan-2022 13:43:45.366 INFO [Thread-2] org.apache.catalina.core.StandardService.stopInternal Stopping service [Catalina]
26-Jan-2022 13:43:45.397 INFO [Thread-2] org.apache.coyote.AbstractProtocol.stop Stopping ProtocolHandler ["http-nio-9999"]
26-Jan-2022 13:43:45.403 INFO [Thread-2] org.apache.coyote.AbstractProtocol.destroy Destroying ProtocolHandler ["http-nio-9999"]
26-Jan-2022 13:46:04.186 INFO [main] org.apache.catalina.startup.VersionLoggerListener.log Server version name:   Apache Tomcat/10.0.14
26-Jan-2022 13:46:04.190 INFO [main] org.apache.catalina.startup.VersionLoggerListener.log Server built:          Dec 2 2021 22:01:36 UTC
26-Jan-2022 13:46:04.190 INFO [main] org.apache.catalina.startup.VersionLoggerListener.log Server version number: 10.0.14.0
26-Jan-2022 13:46:04.190 INFO [main] org.apache.catalina.startup.VersionLoggerListener.log OS Name:               Mac OS X
26-Jan-2022 13:46:04.190 INFO [main] org.apache.catalina.startup.VersionLoggerListener.log OS Version:            12.1
26-Jan-2022 13:46:04.190 INFO [main] org.apache.catalina.startup.VersionLoggerListener.log Architecture:          x86_64
26-Jan-2022 13:46:04.190 INFO [main] org.apache.catalina.startup.VersionLoggerListener.log Java Home:             /Library/Java/JavaVirtualMachines/jdk-17.0.2.jdk/Contents/Home
26-Jan-2022 13:46:04.191 INFO [main] org.apache.catalina.startup.VersionLoggerListener.log JVM Version:           17.0.2+8-LTS-86
26-Jan-2022 13:46:04.191 INFO [main] org.apache.catalina.startup.VersionLoggerListener.log JVM Vendor:            Oracle Corporation
26-Jan-2022 13:46:04.191 INFO [main] org.apache.catalina.startup.VersionLoggerListener.log CATALINA_BASE:         /usr/local/var/tomcat
26-Jan-2022 13:46:04.191 INFO [main] org.apache.catalina.startup.VersionLoggerListener.log CATALINA_HOME:         /usr/local/var/tomcat
26-Jan-2022 13:46:04.201 INFO [main] org.apache.catalina.startup.VersionLoggerListener.log Command line argument: --add-opens=java.base/java.lang=ALL-UNNAMED
26-Jan-2022 13:46:04.201 INFO [main] org.apache.catalina.startup.VersionLoggerListener.log Command line argument: --add-opens=java.base/java.io=ALL-UNNAMED
26-Jan-2022 13:46:04.201 INFO [main] org.apache.catalina.startup.VersionLoggerListener.log Command line argument: --add-opens=java.base/java.util=ALL-UNNAMED
26-Jan-2022 13:46:04.201 INFO [main] org.apache.catalina.startup.VersionLoggerListener.log Command line argument: --add-opens=java.base/java.util.concurrent=ALL-UNNAMED
26-Jan-2022 13:46:04.201 INFO [main] org.apache.catalina.startup.VersionLoggerListener.log Command line argument: --add-opens=java.rmi/sun.rmi.transport=ALL-UNNAMED
26-Jan-2022 13:46:04.201 INFO [main] org.apache.catalina.startup.VersionLoggerListener.log Command line argument: -Djava.util.logging.config.file=/usr/local/var/tomcat/conf/logging.properties
26-Jan-2022 13:46:04.201 INFO [main] org.apache.catalina.startup.VersionLoggerListener.log Command line argument: -Djava.util.logging.manager=org.apache.juli.ClassLoaderLogManager
26-Jan-2022 13:46:04.202 INFO [main] org.apache.catalina.startup.VersionLoggerListener.log Command line argument: -Djdk.tls.ephemeralDHKeySize=2048
26-Jan-2022 13:46:04.202 INFO [main] org.apache.catalina.startup.VersionLoggerListener.log Command line argument: -Djava.protocol.handler.pkgs=org.apache.catalina.webresources
26-Jan-2022 13:46:04.202 INFO [main] org.apache.catalina.startup.VersionLoggerListener.log Command line argument: -Dorg.apache.catalina.security.SecurityListener.UMASK=0027
26-Jan-2022 13:46:04.202 INFO [main] org.apache.catalina.startup.VersionLoggerListener.log Command line argument: -Dignore.endorsed.dirs=
26-Jan-2022 13:46:04.202 INFO [main] org.apache.catalina.startup.VersionLoggerListener.log Command line argument: -Dcatalina.base=/usr/local/var/tomcat
26-Jan-2022 13:46:04.202 INFO [main] org.apache.catalina.startup.VersionLoggerListener.log Command line argument: -Dcatalina.home=/usr/local/var/tomcat
26-Jan-2022 13:46:04.202 INFO [main] org.apache.catalina.startup.VersionLoggerListener.log Command line argument: -Djava.io.tmpdir=/usr/local/var/tomcat/temp
26-Jan-2022 13:46:04.209 INFO [main] org.apache.catalina.core.AprLifecycleListener.lifecycleEvent The Apache Tomcat Native library which allows using OpenSSL was not found on the java.library.path: [/Users/sarahhuerta/Library/Java/Extensions:/Library/Java/Extensions:/Network/Library/Java/Extensions:/System/Library/Java/Extensions:/usr/lib/java:.]
26-Jan-2022 13:46:04.488 INFO [main] org.apache.coyote.AbstractProtocol.init Initializing ProtocolHandler ["http-nio-9999"]
26-Jan-2022 13:46:04.517 INFO [main] org.apache.catalina.startup.Catalina.load Server initialization in [490] milliseconds
26-Jan-2022 13:46:04.550 INFO [main] org.apache.catalina.core.StandardService.startInternal Starting service [Catalina]
26-Jan-2022 13:46:04.550 INFO [main] org.apache.catalina.core.StandardEngine.startInternal Starting Servlet engine: [Apache Tomcat/10.0.14]
26-Jan-2022 13:46:04.557 INFO [main] org.apache.catalina.startup.HostConfig.deployDirectory Deploying web application directory [/usr/local/var/tomcat/webapps/docs]
26-Jan-2022 13:46:05.198 INFO [main] org.apache.jasper.servlet.TldScanner.scanJars At least one JAR was scanned for TLDs yet contained no TLDs. Enable debug logging for this logger for a complete list of JARs that were scanned but no TLDs were found in them. Skipping unneeded JARs during scanning can improve startup time and JSP compilation time.
26-Jan-2022 13:46:05.240 INFO [main] org.apache.catalina.startup.HostConfig.deployDirectory Deployment of web application directory [/usr/local/var/tomcat/webapps/docs] has finished in [684] ms
26-Jan-2022 13:46:05.241 INFO [main] org.apache.catalina.startup.HostConfig.deployDirectory Deploying web application directory [/usr/local/var/tomcat/webapps/manager]
26-Jan-2022 13:46:05.675 INFO [main] org.apache.jasper.servlet.TldScanner.scanJars At least one JAR was scanned for TLDs yet contained no TLDs. Enable debug logging for this logger for a complete list of JARs that were scanned but no TLDs were found in them. Skipping unneeded JARs during scanning can improve startup time and JSP compilation time.
26-Jan-2022 13:46:05.681 INFO [main] org.apache.catalina.startup.HostConfig.deployDirectory Deployment of web application directory [/usr/local/var/tomcat/webapps/manager] has finished in [440] ms
26-Jan-2022 13:46:05.682 INFO [main] org.apache.catalina.startup.HostConfig.deployDirectory Deploying web application directory [/usr/local/var/tomcat/webapps/lis4368]
26-Jan-2022 13:46:06.557 INFO [main] org.apache.jasper.servlet.TldScanner.scanJars At least one JAR was scanned for TLDs yet contained no TLDs. Enable debug logging for this logger for a complete list of JARs that were scanned but no TLDs were found in them. Skipping unneeded JARs during scanning can improve startup time and JSP compilation time.
26-Jan-2022 13:46:06.574 INFO [main] org.apache.catalina.startup.HostConfig.deployDirectory Deployment of web application directory [/usr/local/var/tomcat/webapps/lis4368] has finished in [891] ms
26-Jan-2022 13:46:06.574 INFO [main] org.apache.catalina.startup.HostConfig.deployDirectory Deploying web application directory [/usr/local/var/tomcat/webapps/examples]
26-Jan-2022 13:46:07.116 INFO [main] org.apache.jasper.servlet.TldScanner.scanJars At least one JAR was scanned for TLDs yet contained no TLDs. Enable debug logging for this logger for a complete list of JARs that were scanned but no TLDs were found in them. Skipping unneeded JARs during scanning can improve startup time and JSP compilation time.
26-Jan-2022 13:46:07.133 INFO [main] org.apache.catalina.startup.HostConfig.deployDirectory Deployment of web application directory [/usr/local/var/tomcat/webapps/examples] has finished in [558] ms
26-Jan-2022 13:46:07.133 INFO [main] org.apache.catalina.startup.HostConfig.deployDirectory Deploying web application directory [/usr/local/var/tomcat/webapps/ROOT]
26-Jan-2022 13:46:07.539 INFO [main] org.apache.jasper.servlet.TldScanner.scanJars At least one JAR was scanned for TLDs yet contained no TLDs. Enable debug logging for this logger for a complete list of JARs that were scanned but no TLDs were found in them. Skipping unneeded JARs during scanning can improve startup time and JSP compilation time.
26-Jan-2022 13:46:07.541 INFO [main] org.apache.catalina.startup.HostConfig.deployDirectory Deployment of web application directory [/usr/local/var/tomcat/webapps/ROOT] has finished in [408] ms
26-Jan-2022 13:46:07.542 INFO [main] org.apache.catalina.startup.HostConfig.deployDirectory Deploying web application directory [/usr/local/var/tomcat/webapps/hello]
26-Jan-2022 13:46:08.289 INFO [main] org.apache.jasper.servlet.TldScanner.scanJars At least one JAR was scanned for TLDs yet contained no TLDs. Enable debug logging for this logger for a complete list of JARs that were scanned but no TLDs were found in them. Skipping unneeded JARs during scanning can improve startup time and JSP compilation time.
26-Jan-2022 13:46:08.300 INFO [main] org.apache.catalina.startup.HostConfig.deployDirectory Deployment of web application directory [/usr/local/var/tomcat/webapps/hello] has finished in [758] ms
26-Jan-2022 13:46:08.301 INFO [main] org.apache.catalina.startup.HostConfig.deployDirectory Deploying web application directory [/usr/local/var/tomcat/webapps/host-manager]
26-Jan-2022 13:46:08.689 INFO [main] org.apache.jasper.servlet.TldScanner.scanJars At least one JAR was scanned for TLDs yet contained no TLDs. Enable debug logging for this logger for a complete list of JARs that were scanned but no TLDs were found in them. Skipping unneeded JARs during scanning can improve startup time and JSP compilation time.
26-Jan-2022 13:46:08.691 INFO [main] org.apache.catalina.startup.HostConfig.deployDirectory Deployment of web application directory [/usr/local/var/tomcat/webapps/host-manager] has finished in [391] ms
26-Jan-2022 13:46:08.694 INFO [main] org.apache.coyote.AbstractProtocol.start Starting ProtocolHandler ["http-nio-9999"]
26-Jan-2022 13:46:08.704 INFO [main] org.apache.catalina.startup.Catalina.start Server startup in [4187] milliseconds
26-Jan-2022 13:56:34.477 INFO [Thread-2] org.apache.coyote.AbstractProtocol.pause Pausing ProtocolHandler ["http-nio-9999"]
26-Jan-2022 13:56:34.480 INFO [Thread-2] org.apache.catalina.core.StandardService.stopInternal Stopping service [Catalina]
26-Jan-2022 13:56:34.513 INFO [Thread-2] org.apache.coyote.AbstractProtocol.stop Stopping ProtocolHandler ["http-nio-9999"]
26-Jan-2022 13:56:34.529 INFO [Thread-2] org.apache.coyote.AbstractProtocol.destroy Destroying ProtocolHandler ["http-nio-9999"]
26-Jan-2022 13:59:59.015 INFO [main] org.apache.catalina.startup.VersionLoggerListener.log Server version name:   Apache Tomcat/10.0.14
26-Jan-2022 13:59:59.018 INFO [main] org.apache.catalina.startup.VersionLoggerListener.log Server built:          Dec 2 2021 22:01:36 UTC
26-Jan-2022 13:59:59.019 INFO [main] org.apache.catalina.startup.VersionLoggerListener.log Server version number: 10.0.14.0
26-Jan-2022 13:59:59.019 INFO [main] org.apache.catalina.startup.VersionLoggerListener.log OS Name:               Mac OS X
26-Jan-2022 13:59:59.019 INFO [main] org.apache.catalina.startup.VersionLoggerListener.log OS Version:            12.1
26-Jan-2022 13:59:59.019 INFO [main] org.apache.catalina.startup.VersionLoggerListener.log Architecture:          x86_64
26-Jan-2022 13:59:59.019 INFO [main] org.apache.catalina.startup.VersionLoggerListener.log Java Home:             /Library/Java/JavaVirtualMachines/jdk-17.0.2.jdk/Contents/Home
26-Jan-2022 13:59:59.019 INFO [main] org.apache.catalina.startup.VersionLoggerListener.log JVM Version:           17.0.2+8-LTS-86
26-Jan-2022 13:59:59.019 INFO [main] org.apache.catalina.startup.VersionLoggerListener.log JVM Vendor:            Oracle Corporation
26-Jan-2022 13:59:59.019 INFO [main] org.apache.catalina.startup.VersionLoggerListener.log CATALINA_BASE:         /usr/local/var/tomcat
26-Jan-2022 13:59:59.020 INFO [main] org.apache.catalina.startup.VersionLoggerListener.log CATALINA_HOME:         /usr/local/var/tomcat
26-Jan-2022 13:59:59.030 INFO [main] org.apache.catalina.startup.VersionLoggerListener.log Command line argument: --add-opens=java.base/java.lang=ALL-UNNAMED
26-Jan-2022 13:59:59.031 INFO [main] org.apache.catalina.startup.VersionLoggerListener.log Command line argument: --add-opens=java.base/java.io=ALL-UNNAMED
26-Jan-2022 13:59:59.031 INFO [main] org.apache.catalina.startup.VersionLoggerListener.log Command line argument: --add-opens=java.base/java.util=ALL-UNNAMED
26-Jan-2022 13:59:59.031 INFO [main] org.apache.catalina.startup.VersionLoggerListener.log Command line argument: --add-opens=java.base/java.util.concurrent=ALL-UNNAMED
26-Jan-2022 13:59:59.031 INFO [main] org.apache.catalina.startup.VersionLoggerListener.log Command line argument: --add-opens=java.rmi/sun.rmi.transport=ALL-UNNAMED
26-Jan-2022 13:59:59.031 INFO [main] org.apache.catalina.startup.VersionLoggerListener.log Command line argument: -Djava.util.logging.config.file=/usr/local/var/tomcat/conf/logging.properties
26-Jan-2022 13:59:59.031 INFO [main] org.apache.catalina.startup.VersionLoggerListener.log Command line argument: -Djava.util.logging.manager=org.apache.juli.ClassLoaderLogManager
26-Jan-2022 13:59:59.031 INFO [main] org.apache.catalina.startup.VersionLoggerListener.log Command line argument: -Djdk.tls.ephemeralDHKeySize=2048
26-Jan-2022 13:59:59.031 INFO [main] org.apache.catalina.startup.VersionLoggerListener.log Command line argument: -Djava.protocol.handler.pkgs=org.apache.catalina.webresources
26-Jan-2022 13:59:59.031 INFO [main] org.apache.catalina.startup.VersionLoggerListener.log Command line argument: -Dorg.apache.catalina.security.SecurityListener.UMASK=0027
26-Jan-2022 13:59:59.032 INFO [main] org.apache.catalina.startup.VersionLoggerListener.log Command line argument: -Dignore.endorsed.dirs=
26-Jan-2022 13:59:59.032 INFO [main] org.apache.catalina.startup.VersionLoggerListener.log Command line argument: -Dcatalina.base=/usr/local/var/tomcat
26-Jan-2022 13:59:59.032 INFO [main] org.apache.catalina.startup.VersionLoggerListener.log Command line argument: -Dcatalina.home=/usr/local/var/tomcat
26-Jan-2022 13:59:59.032 INFO [main] org.apache.catalina.startup.VersionLoggerListener.log Command line argument: -Djava.io.tmpdir=/usr/local/var/tomcat/temp
26-Jan-2022 13:59:59.039 INFO [main] org.apache.catalina.core.AprLifecycleListener.lifecycleEvent The Apache Tomcat Native library which allows using OpenSSL was not found on the java.library.path: [/Users/sarahhuerta/Library/Java/Extensions:/Library/Java/Extensions:/Network/Library/Java/Extensions:/System/Library/Java/Extensions:/usr/lib/java:.]
26-Jan-2022 13:59:59.319 INFO [main] org.apache.coyote.AbstractProtocol.init Initializing ProtocolHandler ["http-nio-9999"]
26-Jan-2022 13:59:59.349 INFO [main] org.apache.catalina.startup.Catalina.load Server initialization in [495] milliseconds
26-Jan-2022 13:59:59.384 INFO [main] org.apache.catalina.core.StandardService.startInternal Starting service [Catalina]
26-Jan-2022 13:59:59.384 INFO [main] org.apache.catalina.core.StandardEngine.startInternal Starting Servlet engine: [Apache Tomcat/10.0.14]
26-Jan-2022 13:59:59.391 INFO [main] org.apache.catalina.startup.HostConfig.deployDirectory Deploying web application directory [/usr/local/var/tomcat/webapps/docs]
26-Jan-2022 14:00:00.013 INFO [main] org.apache.jasper.servlet.TldScanner.scanJars At least one JAR was scanned for TLDs yet contained no TLDs. Enable debug logging for this logger for a complete list of JARs that were scanned but no TLDs were found in them. Skipping unneeded JARs during scanning can improve startup time and JSP compilation time.
26-Jan-2022 14:00:00.058 INFO [main] org.apache.catalina.startup.HostConfig.deployDirectory Deployment of web application directory [/usr/local/var/tomcat/webapps/docs] has finished in [667] ms
26-Jan-2022 14:00:00.058 INFO [main] org.apache.catalina.startup.HostConfig.deployDirectory Deploying web application directory [/usr/local/var/tomcat/webapps/manager]
26-Jan-2022 14:00:00.491 INFO [main] org.apache.jasper.servlet.TldScanner.scanJars At least one JAR was scanned for TLDs yet contained no TLDs. Enable debug logging for this logger for a complete list of JARs that were scanned but no TLDs were found in them. Skipping unneeded JARs during scanning can improve startup time and JSP compilation time.
26-Jan-2022 14:00:00.497 INFO [main] org.apache.catalina.startup.HostConfig.deployDirectory Deployment of web application directory [/usr/local/var/tomcat/webapps/manager] has finished in [438] ms
26-Jan-2022 14:00:00.497 INFO [main] org.apache.catalina.startup.HostConfig.deployDirectory Deploying web application directory [/usr/local/var/tomcat/webapps/lis4368]
26-Jan-2022 14:00:01.358 INFO [main] org.apache.jasper.servlet.TldScanner.scanJars At least one JAR was scanned for TLDs yet contained no TLDs. Enable debug logging for this logger for a complete list of JARs that were scanned but no TLDs were found in them. Skipping unneeded JARs during scanning can improve startup time and JSP compilation time.
26-Jan-2022 14:00:01.374 INFO [main] org.apache.catalina.startup.HostConfig.deployDirectory Deployment of web application directory [/usr/local/var/tomcat/webapps/lis4368] has finished in [876] ms
26-Jan-2022 14:00:01.374 INFO [main] org.apache.catalina.startup.HostConfig.deployDirectory Deploying web application directory [/usr/local/var/tomcat/webapps/examples]
26-Jan-2022 14:00:01.913 INFO [main] org.apache.jasper.servlet.TldScanner.scanJars At least one JAR was scanned for TLDs yet contained no TLDs. Enable debug logging for this logger for a complete list of JARs that were scanned but no TLDs were found in them. Skipping unneeded JARs during scanning can improve startup time and JSP compilation time.
26-Jan-2022 14:00:01.930 INFO [main] org.apache.catalina.startup.HostConfig.deployDirectory Deployment of web application directory [/usr/local/var/tomcat/webapps/examples] has finished in [556] ms
26-Jan-2022 14:00:01.930 INFO [main] org.apache.catalina.startup.HostConfig.deployDirectory Deploying web application directory [/usr/local/var/tomcat/webapps/ROOT]
26-Jan-2022 14:00:02.315 INFO [main] org.apache.jasper.servlet.TldScanner.scanJars At least one JAR was scanned for TLDs yet contained no TLDs. Enable debug logging for this logger for a complete list of JARs that were scanned but no TLDs were found in them. Skipping unneeded JARs during scanning can improve startup time and JSP compilation time.
26-Jan-2022 14:00:02.317 INFO [main] org.apache.catalina.startup.HostConfig.deployDirectory Deployment of web application directory [/usr/local/var/tomcat/webapps/ROOT] has finished in [387] ms
26-Jan-2022 14:00:02.317 INFO [main] org.apache.catalina.startup.HostConfig.deployDirectory Deploying web application directory [/usr/local/var/tomcat/webapps/hello]
26-Jan-2022 14:00:03.068 INFO [main] org.apache.jasper.servlet.TldScanner.scanJars At least one JAR was scanned for TLDs yet contained no TLDs. Enable debug logging for this logger for a complete list of JARs that were scanned but no TLDs were found in them. Skipping unneeded JARs during scanning can improve startup time and JSP compilation time.
26-Jan-2022 14:00:03.078 INFO [main] org.apache.catalina.startup.HostConfig.deployDirectory Deployment of web application directory [/usr/local/var/tomcat/webapps/hello] has finished in [761] ms
26-Jan-2022 14:00:03.078 INFO [main] org.apache.catalina.startup.HostConfig.deployDirectory Deploying web application directory [/usr/local/var/tomcat/webapps/host-manager]
26-Jan-2022 14:00:03.462 INFO [main] org.apache.jasper.servlet.TldScanner.scanJars At least one JAR was scanned for TLDs yet contained no TLDs. Enable debug logging for this logger for a complete list of JARs that were scanned but no TLDs were found in them. Skipping unneeded JARs during scanning can improve startup time and JSP compilation time.
26-Jan-2022 14:00:03.464 INFO [main] org.apache.catalina.startup.HostConfig.deployDirectory Deployment of web application directory [/usr/local/var/tomcat/webapps/host-manager] has finished in [386] ms
26-Jan-2022 14:00:03.467 INFO [main] org.apache.coyote.AbstractProtocol.start Starting ProtocolHandler ["http-nio-9999"]
26-Jan-2022 14:00:03.477 INFO [main] org.apache.catalina.startup.Catalina.start Server startup in [4128] milliseconds
26-Jan-2022 14:02:20.025 INFO [Thread-2] org.apache.coyote.AbstractProtocol.pause Pausing ProtocolHandler ["http-nio-9999"]
26-Jan-2022 14:02:20.030 INFO [Thread-2] org.apache.catalina.core.StandardService.stopInternal Stopping service [Catalina]
26-Jan-2022 14:02:20.062 INFO [Thread-2] org.apache.coyote.AbstractProtocol.stop Stopping ProtocolHandler ["http-nio-9999"]
26-Jan-2022 14:02:20.066 INFO [Thread-2] org.apache.coyote.AbstractProtocol.destroy Destroying ProtocolHandler ["http-nio-9999"]
