26-Jan-2022 12:06:27.138 INFO [main] org.apache.catalina.core.ApplicationContext.log ContextListener: contextInitialized()
26-Jan-2022 12:06:27.138 INFO [main] org.apache.catalina.core.ApplicationContext.log SessionListener: contextInitialized()
26-Jan-2022 12:06:27.140 INFO [main] org.apache.catalina.core.ApplicationContext.log ContextListener: attributeAdded('StockTicker', 'async.Stockticker@8ee03f5')
26-Jan-2022 12:06:39.775 INFO [Thread-2] org.apache.catalina.core.ApplicationContext.log SessionListener: contextDestroyed()
26-Jan-2022 12:06:39.775 INFO [Thread-2] org.apache.catalina.core.ApplicationContext.log ContextListener: contextDestroyed()
26-Jan-2022 12:59:40.136 INFO [main] org.apache.catalina.core.ApplicationContext.log ContextListener: contextInitialized()
26-Jan-2022 12:59:40.137 INFO [main] org.apache.catalina.core.ApplicationContext.log SessionListener: contextInitialized()
26-Jan-2022 12:59:40.138 INFO [main] org.apache.catalina.core.ApplicationContext.log ContextListener: attributeAdded('StockTicker', 'async.Stockticker@61836cd9')
26-Jan-2022 13:43:45.379 INFO [Thread-2] org.apache.catalina.core.ApplicationContext.log SessionListener: contextDestroyed()
26-Jan-2022 13:43:45.379 INFO [Thread-2] org.apache.catalina.core.ApplicationContext.log ContextListener: contextDestroyed()
26-Jan-2022 13:46:07.126 INFO [main] org.apache.catalina.core.ApplicationContext.log ContextListener: contextInitialized()
26-Jan-2022 13:46:07.126 INFO [main] org.apache.catalina.core.ApplicationContext.log SessionListener: contextInitialized()
26-Jan-2022 13:46:07.127 INFO [main] org.apache.catalina.core.ApplicationContext.log ContextListener: attributeAdded('StockTicker', 'async.Stockticker@b56c222')
26-Jan-2022 13:56:34.491 INFO [Thread-2] org.apache.catalina.core.ApplicationContext.log SessionListener: contextDestroyed()
26-Jan-2022 13:56:34.492 INFO [Thread-2] org.apache.catalina.core.ApplicationContext.log ContextListener: contextDestroyed()
26-Jan-2022 14:00:01.923 INFO [main] org.apache.catalina.core.ApplicationContext.log ContextListener: contextInitialized()
26-Jan-2022 14:00:01.924 INFO [main] org.apache.catalina.core.ApplicationContext.log SessionListener: contextInitialized()
26-Jan-2022 14:00:01.925 INFO [main] org.apache.catalina.core.ApplicationContext.log ContextListener: attributeAdded('StockTicker', 'async.Stockticker@4f552aa2')
26-Jan-2022 14:02:20.041 INFO [Thread-2] org.apache.catalina.core.ApplicationContext.log SessionListener: contextDestroyed()
26-Jan-2022 14:02:20.041 INFO [Thread-2] org.apache.catalina.core.ApplicationContext.log ContextListener: contextDestroyed()
